2017-08-30 10:07:25,181 [Worker-3] INFO  c.g.t.t.d.PublishedGradleVersions - Gradle version information cache is not available. Remote download required.
2017-08-30 11:10:34,310 [Start Help Server] INFO  org.eclipse.jetty.util.log - Logging initialized @3907137ms to org.eclipse.jetty.util.log.Slf4jLog
2017-08-30 11:10:34,996 [Start Help Server] INFO  org.eclipse.jetty.server.Server - jetty-9.4.5.v20170502
2017-08-30 11:10:35,059 [Start Help Server] INFO  org.eclipse.jetty.server.session - DefaultSessionIdManager workerName=node0
2017-08-30 11:10:35,059 [Start Help Server] INFO  org.eclipse.jetty.server.session - No SessionScavenger set, using defaults
2017-08-30 11:10:35,063 [Start Help Server] INFO  org.eclipse.jetty.server.session - Scavenging every 600000ms
2017-08-30 11:10:35,138 [Start Help Server] INFO  o.e.j.server.handler.ContextHandler - Started o.e.j.s.ServletContextHandler@1ee0debd{/help,null,AVAILABLE}
2017-08-30 11:10:35,199 [Start Help Server] INFO  o.e.jetty.server.AbstractConnector - Started ServerConnector@4595e351{HTTP/1.1,[http/1.1]}{127.0.0.1:62535}
2017-08-30 11:10:35,200 [Start Help Server] INFO  org.eclipse.jetty.server.Server - Started @3908028ms
2017-08-30 12:59:27,895 [Stop Help Server] INFO  o.e.jetty.server.AbstractConnector - Stopped ServerConnector@4595e351{HTTP/1.1,[http/1.1]}{127.0.0.1:0}
2017-08-30 12:59:27,898 [Stop Help Server] INFO  org.eclipse.jetty.server.session - Stopped scavenging
2017-08-30 12:59:27,931 [Stop Help Server] INFO  o.e.j.server.handler.ContextHandler - Stopped o.e.j.s.ServletContextHandler@1ee0debd{/help,null,UNAVAILABLE}
2017-09-13 09:28:42,684 [Worker-4] INFO  c.g.t.t.d.PublishedGradleVersions - Gradle version information cache is out-of-date. Trying to update.
2017-09-13 10:10:52,388 [Worker-5] INFO  c.g.t.t.d.PublishedGradleVersions - Gradle version information cache is up-to-date. Trying to read.
2017-09-15 17:28:17,016 [Worker-0] INFO  c.g.t.t.d.PublishedGradleVersions - Gradle version information cache is out-of-date. Trying to update.
2017-09-15 17:36:16,978 [Worker-9] INFO  o.e.m.c.i.e.AbstractTransferListenerAdapter - Downloading https://repo.maven.apache.org/maven2/org/springframework/boot/spring-boot-starter-parent/1.5.7.RELEASE/spring-boot-starter-parent-1.5.7.RELEASE.pom
2017-09-15 17:36:17,345 [Worker-9] INFO  o.e.m.c.i.e.AbstractTransferListenerAdapter - Downloaded https://repo.maven.apache.org/maven2/org/springframework/boot/spring-boot-starter-parent/1.5.7.RELEASE/spring-boot-starter-parent-1.5.7.RELEASE.pom
2017-09-15 17:36:17,576 [Worker-9] INFO  o.e.m.c.i.e.AbstractTransferListenerAdapter - Downloading https://repo.maven.apache.org/maven2/org/springframework/boot/spring-boot-dependencies/1.5.7.RELEASE/spring-boot-dependencies-1.5.7.RELEASE.pom
2017-09-15 17:36:18,459 [Worker-9] INFO  o.e.m.c.i.e.AbstractTransferListenerAdapter - Downloaded https://repo.maven.apache.org/maven2/org/springframework/boot/spring-boot-dependencies/1.5.7.RELEASE/spring-boot-dependencies-1.5.7.RELEASE.pom
2017-09-15 17:36:18,949 [Worker-9] INFO  o.e.m.c.i.e.AbstractTransferListenerAdapter - Downloading https://repo.maven.apache.org/maven2/com/fasterxml/jackson/jackson-bom/2.8.10/jackson-bom-2.8.10.pom
2017-09-15 17:36:19,289 [Worker-9] INFO  o.e.m.c.i.e.AbstractTransferListenerAdapter - Downloaded https://repo.maven.apache.org/maven2/com/fasterxml/jackson/jackson-bom/2.8.10/jackson-bom-2.8.10.pom
2017-09-15 17:36:20,060 [Worker-9] INFO  o.e.m.c.i.e.AbstractTransferListenerAdapter - Downloading https://repo.maven.apache.org/maven2/org/springframework/spring-framework-bom/4.3.11.RELEASE/spring-framework-bom-4.3.11.RELEASE.pom
2017-09-15 17:36:20,268 [Worker-9] INFO  o.e.m.c.i.e.AbstractTransferListenerAdapter - Downloaded https://repo.maven.apache.org/maven2/org/springframework/spring-framework-bom/4.3.11.RELEASE/spring-framework-bom-4.3.11.RELEASE.pom
2017-09-15 17:36:20,484 [Worker-9] INFO  o.e.m.c.i.e.AbstractTransferListenerAdapter - Downloading https://repo.maven.apache.org/maven2/org/springframework/data/spring-data-releasetrain/Ingalls-SR7/spring-data-releasetrain-Ingalls-SR7.pom
2017-09-15 17:36:20,719 [Worker-9] INFO  o.e.m.c.i.e.AbstractTransferListenerAdapter - Downloaded https://repo.maven.apache.org/maven2/org/springframework/data/spring-data-releasetrain/Ingalls-SR7/spring-data-releasetrain-Ingalls-SR7.pom
2017-09-15 17:36:21,047 [Worker-9] INFO  o.e.m.c.i.e.AbstractTransferListenerAdapter - Downloading https://repo.maven.apache.org/maven2/org/springframework/data/build/spring-data-build/1.9.7.RELEASE/spring-data-build-1.9.7.RELEASE.pom
2017-09-15 17:36:21,295 [Worker-9] INFO  o.e.m.c.i.e.AbstractTransferListenerAdapter - Downloaded https://repo.maven.apache.org/maven2/org/springframework/data/build/spring-data-build/1.9.7.RELEASE/spring-data-build-1.9.7.RELEASE.pom
2017-09-15 17:36:21,518 [Worker-9] INFO  o.e.m.c.i.e.AbstractTransferListenerAdapter - Downloading https://repo.maven.apache.org/maven2/org/springframework/integration/spring-integration-bom/4.3.12.RELEASE/spring-integration-bom-4.3.12.RELEASE.pom
2017-09-15 17:36:21,748 [Worker-9] INFO  o.e.m.c.i.e.AbstractTransferListenerAdapter - Downloaded https://repo.maven.apache.org/maven2/org/springframework/integration/spring-integration-bom/4.3.12.RELEASE/spring-integration-bom-4.3.12.RELEASE.pom
2017-09-15 17:36:25,527 [Worker-9] INFO  o.e.m.c.i.e.AbstractTransferListenerAdapter - Downloading https://repo.maven.apache.org/maven2/org/springframework/boot/spring-boot-maven-plugin/1.5.7.RELEASE/spring-boot-maven-plugin-1.5.7.RELEASE.pom
2017-09-15 17:36:26,253 [Worker-9] INFO  o.e.m.c.i.e.AbstractTransferListenerAdapter - Downloaded https://repo.maven.apache.org/maven2/org/springframework/boot/spring-boot-maven-plugin/1.5.7.RELEASE/spring-boot-maven-plugin-1.5.7.RELEASE.pom
2017-09-15 17:36:26,573 [Worker-9] INFO  o.e.m.c.i.e.AbstractTransferListenerAdapter - Downloading https://repo.maven.apache.org/maven2/org/springframework/boot/spring-boot-tools/1.5.7.RELEASE/spring-boot-tools-1.5.7.RELEASE.pom
2017-09-15 17:36:26,795 [Worker-9] INFO  o.e.m.c.i.e.AbstractTransferListenerAdapter - Downloaded https://repo.maven.apache.org/maven2/org/springframework/boot/spring-boot-tools/1.5.7.RELEASE/spring-boot-tools-1.5.7.RELEASE.pom
2017-09-15 17:36:27,030 [Worker-9] INFO  o.e.m.c.i.e.AbstractTransferListenerAdapter - Downloading https://repo.maven.apache.org/maven2/org/springframework/boot/spring-boot-parent/1.5.7.RELEASE/spring-boot-parent-1.5.7.RELEASE.pom
2017-09-15 17:36:27,674 [Worker-9] INFO  o.e.m.c.i.e.AbstractTransferListenerAdapter - Downloaded https://repo.maven.apache.org/maven2/org/springframework/boot/spring-boot-parent/1.5.7.RELEASE/spring-boot-parent-1.5.7.RELEASE.pom
2017-09-15 17:36:28,176 [Worker-9] INFO  o.e.m.c.i.e.AbstractTransferListenerAdapter - Downloading https://repo.maven.apache.org/maven2/org/springframework/boot/spring-boot-maven-plugin/1.5.7.RELEASE/spring-boot-maven-plugin-1.5.7.RELEASE.jar
2017-09-15 17:36:29,308 [Worker-9] INFO  o.e.m.c.i.e.AbstractTransferListenerAdapter - Downloaded https://repo.maven.apache.org/maven2/org/springframework/boot/spring-boot-maven-plugin/1.5.7.RELEASE/spring-boot-maven-plugin-1.5.7.RELEASE.jar
2017-09-15 17:36:30,942 [Worker-9] INFO  o.e.m.c.i.e.AbstractTransferListenerAdapter - Downloading https://repo.maven.apache.org/maven2/org/apache/maven/plugins/maven-clean-plugin/2.6.1/maven-clean-plugin-2.6.1.jar
2017-09-15 17:36:31,663 [Worker-9] INFO  o.e.m.c.i.e.AbstractTransferListenerAdapter - Downloaded https://repo.maven.apache.org/maven2/org/apache/maven/plugins/maven-clean-plugin/2.6.1/maven-clean-plugin-2.6.1.jar
2017-09-15 17:36:32,160 [Worker-9] INFO  o.e.m.c.i.e.AbstractTransferListenerAdapter - Downloading https://repo.maven.apache.org/maven2/org/apache/maven/plugins/maven-surefire-plugin/2.18.1/maven-surefire-plugin-2.18.1.jar
2017-09-15 17:36:32,775 [Worker-9] INFO  o.e.m.c.i.e.AbstractTransferListenerAdapter - Downloaded https://repo.maven.apache.org/maven2/org/apache/maven/plugins/maven-surefire-plugin/2.18.1/maven-surefire-plugin-2.18.1.jar
2017-09-15 17:36:33,102 [Worker-9] INFO  o.e.m.c.i.e.AbstractTransferListenerAdapter - Downloading https://repo.maven.apache.org/maven2/org/apache/maven/plugins/maven-jar-plugin/2.6/maven-jar-plugin-2.6.jar
2017-09-15 17:36:33,582 [Worker-9] INFO  o.e.m.c.i.e.AbstractTransferListenerAdapter - Downloaded https://repo.maven.apache.org/maven2/org/apache/maven/plugins/maven-jar-plugin/2.6/maven-jar-plugin-2.6.jar
2017-09-15 17:36:34,013 [Worker-9] INFO  o.e.m.c.i.e.AbstractTransferListenerAdapter - Downloading https://repo.maven.apache.org/maven2/org/apache/maven/plugins/maven-install-plugin/2.5.2/maven-install-plugin-2.5.2.jar
2017-09-15 17:36:34,670 [Worker-9] INFO  o.e.m.c.i.e.AbstractTransferListenerAdapter - Downloaded https://repo.maven.apache.org/maven2/org/apache/maven/plugins/maven-install-plugin/2.5.2/maven-install-plugin-2.5.2.jar
2017-09-15 17:36:35,140 [Worker-9] INFO  o.e.m.c.i.e.AbstractTransferListenerAdapter - Downloading https://repo.maven.apache.org/maven2/org/apache/maven/plugins/maven-deploy-plugin/2.8.2/maven-deploy-plugin-2.8.2.jar
2017-09-15 17:36:35,778 [Worker-9] INFO  o.e.m.c.i.e.AbstractTransferListenerAdapter - Downloaded https://repo.maven.apache.org/maven2/org/apache/maven/plugins/maven-deploy-plugin/2.8.2/maven-deploy-plugin-2.8.2.jar
2017-09-15 17:36:36,264 [Worker-9] INFO  o.e.m.c.i.e.AbstractTransferListenerAdapter - Downloading https://repo.maven.apache.org/maven2/org/apache/maven/plugins/maven-site-plugin/3.5.1/maven-site-plugin-3.5.1.jar
2017-09-15 17:36:37,990 [Worker-9] INFO  o.e.m.c.i.e.AbstractTransferListenerAdapter - Downloaded https://repo.maven.apache.org/maven2/org/apache/maven/plugins/maven-site-plugin/3.5.1/maven-site-plugin-3.5.1.jar
2017-09-15 17:36:41,308 [Worker-9] INFO  o.e.m.c.i.l.LifecycleMappingFactory - Using org.eclipse.m2e.jdt.JarLifecycleMapping lifecycle mapping for MavenProject: com.example:tutoria_2_adpap:0.0.1-SNAPSHOT @ F:\Fasilkom\5\APAP\New folder\tutoria_2_adpap\pom.xml.
2017-09-15 17:36:41,593 [Worker-9] INFO  o.e.m.c.i.e.AbstractTransferListenerAdapter - Downloading https://repo.maven.apache.org/maven2/org/springframework/boot/spring-boot-starter-thymeleaf/1.5.7.RELEASE/spring-boot-starter-thymeleaf-1.5.7.RELEASE.pom
2017-09-15 17:36:41,875 [Worker-9] INFO  o.e.m.c.i.e.AbstractTransferListenerAdapter - Downloaded https://repo.maven.apache.org/maven2/org/springframework/boot/spring-boot-starter-thymeleaf/1.5.7.RELEASE/spring-boot-starter-thymeleaf-1.5.7.RELEASE.pom
2017-09-15 17:36:42,137 [Worker-9] INFO  o.e.m.c.i.e.AbstractTransferListenerAdapter - Downloading https://repo.maven.apache.org/maven2/org/springframework/boot/spring-boot-starters/1.5.7.RELEASE/spring-boot-starters-1.5.7.RELEASE.pom
2017-09-15 17:36:42,337 [Worker-9] INFO  o.e.m.c.i.e.AbstractTransferListenerAdapter - Downloaded https://repo.maven.apache.org/maven2/org/springframework/boot/spring-boot-starters/1.5.7.RELEASE/spring-boot-starters-1.5.7.RELEASE.pom
2017-09-15 17:36:42,561 [Worker-9] INFO  o.e.m.c.i.e.AbstractTransferListenerAdapter - Downloading https://repo.maven.apache.org/maven2/org/springframework/boot/spring-boot-starter/1.5.7.RELEASE/spring-boot-starter-1.5.7.RELEASE.pom
2017-09-15 17:36:42,817 [Worker-9] INFO  o.e.m.c.i.e.AbstractTransferListenerAdapter - Downloaded https://repo.maven.apache.org/maven2/org/springframework/boot/spring-boot-starter/1.5.7.RELEASE/spring-boot-starter-1.5.7.RELEASE.pom
2017-09-15 17:36:43,071 [Worker-9] INFO  o.e.m.c.i.e.AbstractTransferListenerAdapter - Downloading https://repo.maven.apache.org/maven2/org/springframework/boot/spring-boot/1.5.7.RELEASE/spring-boot-1.5.7.RELEASE.pom
2017-09-15 17:36:43,350 [Worker-9] INFO  o.e.m.c.i.e.AbstractTransferListenerAdapter - Downloaded https://repo.maven.apache.org/maven2/org/springframework/boot/spring-boot/1.5.7.RELEASE/spring-boot-1.5.7.RELEASE.pom
2017-09-15 17:36:43,627 [Worker-9] INFO  o.e.m.c.i.e.AbstractTransferListenerAdapter - Downloading https://repo.maven.apache.org/maven2/org/springframework/spring-core/4.3.11.RELEASE/spring-core-4.3.11.RELEASE.pom
2017-09-15 17:36:44,824 [Worker-9] INFO  o.e.m.c.i.e.AbstractTransferListenerAdapter - Downloaded https://repo.maven.apache.org/maven2/org/springframework/spring-core/4.3.11.RELEASE/spring-core-4.3.11.RELEASE.pom
2017-09-15 17:36:47,495 [Worker-9] INFO  o.e.m.c.i.e.AbstractTransferListenerAdapter - Downloading https://repo.maven.apache.org/maven2/org/springframework/spring-context/4.3.11.RELEASE/spring-context-4.3.11.RELEASE.pom
2017-09-15 17:36:47,704 [Worker-9] INFO  o.e.m.c.i.e.AbstractTransferListenerAdapter - Downloaded https://repo.maven.apache.org/maven2/org/springframework/spring-context/4.3.11.RELEASE/spring-context-4.3.11.RELEASE.pom
2017-09-15 17:36:47,953 [Worker-9] INFO  o.e.m.c.i.e.AbstractTransferListenerAdapter - Downloading https://repo.maven.apache.org/maven2/org/springframework/spring-aop/4.3.11.RELEASE/spring-aop-4.3.11.RELEASE.pom
2017-09-15 17:36:48,253 [Worker-9] INFO  o.e.m.c.i.e.AbstractTransferListenerAdapter - Downloaded https://repo.maven.apache.org/maven2/org/springframework/spring-aop/4.3.11.RELEASE/spring-aop-4.3.11.RELEASE.pom
2017-09-15 17:36:48,572 [Worker-9] INFO  o.e.m.c.i.e.AbstractTransferListenerAdapter - Downloading https://repo.maven.apache.org/maven2/org/springframework/spring-beans/4.3.11.RELEASE/spring-beans-4.3.11.RELEASE.pom
2017-09-15 17:36:48,976 [Worker-9] INFO  o.e.m.c.i.e.AbstractTransferListenerAdapter - Downloaded https://repo.maven.apache.org/maven2/org/springframework/spring-beans/4.3.11.RELEASE/spring-beans-4.3.11.RELEASE.pom
2017-09-15 17:36:49,312 [Worker-9] INFO  o.e.m.c.i.e.AbstractTransferListenerAdapter - Downloading https://repo.maven.apache.org/maven2/org/springframework/spring-expression/4.3.11.RELEASE/spring-expression-4.3.11.RELEASE.pom
2017-09-15 17:36:50,355 [Worker-9] INFO  o.e.m.c.i.e.AbstractTransferListenerAdapter - Downloaded https://repo.maven.apache.org/maven2/org/springframework/spring-expression/4.3.11.RELEASE/spring-expression-4.3.11.RELEASE.pom
2017-09-15 17:36:51,215 [Worker-9] INFO  o.e.m.c.i.e.AbstractTransferListenerAdapter - Downloading https://repo.maven.apache.org/maven2/org/springframework/boot/spring-boot-autoconfigure/1.5.7.RELEASE/spring-boot-autoconfigure-1.5.7.RELEASE.pom
2017-09-15 17:36:52,419 [Worker-9] INFO  o.e.m.c.i.e.AbstractTransferListenerAdapter - Downloaded https://repo.maven.apache.org/maven2/org/springframework/boot/spring-boot-autoconfigure/1.5.7.RELEASE/spring-boot-autoconfigure-1.5.7.RELEASE.pom
2017-09-15 17:36:52,659 [Worker-9] INFO  o.e.m.c.i.e.AbstractTransferListenerAdapter - Downloading https://repo.maven.apache.org/maven2/org/springframework/boot/spring-boot-starter-logging/1.5.7.RELEASE/spring-boot-starter-logging-1.5.7.RELEASE.pom
2017-09-15 17:36:52,878 [Worker-9] INFO  o.e.m.c.i.e.AbstractTransferListenerAdapter - Downloaded https://repo.maven.apache.org/maven2/org/springframework/boot/spring-boot-starter-logging/1.5.7.RELEASE/spring-boot-starter-logging-1.5.7.RELEASE.pom
2017-09-15 17:36:53,401 [Worker-9] INFO  o.e.m.c.i.e.AbstractTransferListenerAdapter - Downloading https://repo.maven.apache.org/maven2/org/springframework/boot/spring-boot-starter-web/1.5.7.RELEASE/spring-boot-starter-web-1.5.7.RELEASE.pom
2017-09-15 17:36:53,604 [Worker-9] INFO  o.e.m.c.i.e.AbstractTransferListenerAdapter - Downloaded https://repo.maven.apache.org/maven2/org/springframework/boot/spring-boot-starter-web/1.5.7.RELEASE/spring-boot-starter-web-1.5.7.RELEASE.pom
2017-09-15 17:36:54,184 [Worker-9] INFO  o.e.m.c.i.e.AbstractTransferListenerAdapter - Downloading https://repo.maven.apache.org/maven2/org/springframework/boot/spring-boot-starter-tomcat/1.5.7.RELEASE/spring-boot-starter-tomcat-1.5.7.RELEASE.pom
2017-09-15 17:36:54,504 [Worker-9] INFO  o.e.m.c.i.e.AbstractTransferListenerAdapter - Downloaded https://repo.maven.apache.org/maven2/org/springframework/boot/spring-boot-starter-tomcat/1.5.7.RELEASE/spring-boot-starter-tomcat-1.5.7.RELEASE.pom
2017-09-15 17:36:55,925 [Worker-9] INFO  o.e.m.c.i.e.AbstractTransferListenerAdapter - Downloading https://repo.maven.apache.org/maven2/org/apache/tomcat/embed/tomcat-embed-core/8.5.20/tomcat-embed-core-8.5.20.pom
2017-09-15 17:36:56,251 [Worker-9] INFO  o.e.m.c.i.e.AbstractTransferListenerAdapter - Downloaded https://repo.maven.apache.org/maven2/org/apache/tomcat/embed/tomcat-embed-core/8.5.20/tomcat-embed-core-8.5.20.pom
2017-09-15 17:36:56,551 [Worker-9] INFO  o.e.m.c.i.e.AbstractTransferListenerAdapter - Downloading https://repo.maven.apache.org/maven2/org/apache/tomcat/embed/tomcat-embed-el/8.5.20/tomcat-embed-el-8.5.20.pom
2017-09-15 17:36:56,853 [Worker-9] INFO  o.e.m.c.i.e.AbstractTransferListenerAdapter - Downloaded https://repo.maven.apache.org/maven2/org/apache/tomcat/embed/tomcat-embed-el/8.5.20/tomcat-embed-el-8.5.20.pom
2017-09-15 17:36:57,154 [Worker-9] INFO  o.e.m.c.i.e.AbstractTransferListenerAdapter - Downloading https://repo.maven.apache.org/maven2/org/apache/tomcat/embed/tomcat-embed-websocket/8.5.20/tomcat-embed-websocket-8.5.20.pom
2017-09-15 17:36:57,473 [Worker-9] INFO  o.e.m.c.i.e.AbstractTransferListenerAdapter - Downloaded https://repo.maven.apache.org/maven2/org/apache/tomcat/embed/tomcat-embed-websocket/8.5.20/tomcat-embed-websocket-8.5.20.pom
2017-09-15 17:36:58,037 [Worker-9] INFO  o.e.m.c.i.e.AbstractTransferListenerAdapter - Downloading https://repo.maven.apache.org/maven2/com/fasterxml/classmate/1.3.4/classmate-1.3.4.pom
2017-09-15 17:36:58,430 [Worker-9] INFO  o.e.m.c.i.e.AbstractTransferListenerAdapter - Downloaded https://repo.maven.apache.org/maven2/com/fasterxml/classmate/1.3.4/classmate-1.3.4.pom
2017-09-15 17:36:58,702 [Worker-9] INFO  o.e.m.c.i.e.AbstractTransferListenerAdapter - Downloading https://repo.maven.apache.org/maven2/com/fasterxml/jackson/core/jackson-databind/2.8.10/jackson-databind-2.8.10.pom
2017-09-15 17:36:59,231 [Worker-9] INFO  o.e.m.c.i.e.AbstractTransferListenerAdapter - Downloaded https://repo.maven.apache.org/maven2/com/fasterxml/jackson/core/jackson-databind/2.8.10/jackson-databind-2.8.10.pom
2017-09-15 17:36:59,735 [Worker-9] INFO  o.e.m.c.i.e.AbstractTransferListenerAdapter - Downloading https://repo.maven.apache.org/maven2/com/fasterxml/jackson/core/jackson-core/2.8.10/jackson-core-2.8.10.pom
2017-09-15 17:37:00,439 [Worker-9] INFO  o.e.m.c.i.e.AbstractTransferListenerAdapter - Downloaded https://repo.maven.apache.org/maven2/com/fasterxml/jackson/core/jackson-core/2.8.10/jackson-core-2.8.10.pom
2017-09-15 17:37:00,739 [Worker-9] INFO  o.e.m.c.i.e.AbstractTransferListenerAdapter - Downloading https://repo.maven.apache.org/maven2/org/springframework/spring-web/4.3.11.RELEASE/spring-web-4.3.11.RELEASE.pom
2017-09-15 17:37:01,363 [Worker-9] INFO  o.e.m.c.i.e.AbstractTransferListenerAdapter - Downloaded https://repo.maven.apache.org/maven2/org/springframework/spring-web/4.3.11.RELEASE/spring-web-4.3.11.RELEASE.pom
2017-09-15 17:37:01,662 [Worker-9] INFO  o.e.m.c.i.e.AbstractTransferListenerAdapter - Downloading https://repo.maven.apache.org/maven2/org/springframework/spring-webmvc/4.3.11.RELEASE/spring-webmvc-4.3.11.RELEASE.pom
2017-09-15 17:37:02,490 [Worker-9] INFO  o.e.m.c.i.e.AbstractTransferListenerAdapter - Downloaded https://repo.maven.apache.org/maven2/org/springframework/spring-webmvc/4.3.11.RELEASE/spring-webmvc-4.3.11.RELEASE.pom
2017-09-15 17:37:02,991 [Worker-9] INFO  o.e.m.c.i.e.AbstractTransferListenerAdapter - Downloading https://repo.maven.apache.org/maven2/org/springframework/boot/spring-boot-devtools/1.5.7.RELEASE/spring-boot-devtools-1.5.7.RELEASE.pom
2017-09-15 17:37:03,453 [Worker-9] INFO  o.e.m.c.i.e.AbstractTransferListenerAdapter - Downloaded https://repo.maven.apache.org/maven2/org/springframework/boot/spring-boot-devtools/1.5.7.RELEASE/spring-boot-devtools-1.5.7.RELEASE.pom
2017-09-15 17:37:03,785 [Worker-9] INFO  o.e.m.c.i.e.AbstractTransferListenerAdapter - Downloading https://repo.maven.apache.org/maven2/org/springframework/boot/spring-boot-starter-test/1.5.7.RELEASE/spring-boot-starter-test-1.5.7.RELEASE.pom
2017-09-15 17:37:04,000 [Worker-9] INFO  o.e.m.c.i.e.AbstractTransferListenerAdapter - Downloaded https://repo.maven.apache.org/maven2/org/springframework/boot/spring-boot-starter-test/1.5.7.RELEASE/spring-boot-starter-test-1.5.7.RELEASE.pom
2017-09-15 17:37:04,345 [Worker-9] INFO  o.e.m.c.i.e.AbstractTransferListenerAdapter - Downloading https://repo.maven.apache.org/maven2/org/springframework/boot/spring-boot-test/1.5.7.RELEASE/spring-boot-test-1.5.7.RELEASE.pom
2017-09-15 17:37:04,618 [Worker-9] INFO  o.e.m.c.i.e.AbstractTransferListenerAdapter - Downloaded https://repo.maven.apache.org/maven2/org/springframework/boot/spring-boot-test/1.5.7.RELEASE/spring-boot-test-1.5.7.RELEASE.pom
2017-09-15 17:37:04,942 [Worker-9] INFO  o.e.m.c.i.e.AbstractTransferListenerAdapter - Downloading https://repo.maven.apache.org/maven2/org/springframework/boot/spring-boot-test-autoconfigure/1.5.7.RELEASE/spring-boot-test-autoconfigure-1.5.7.RELEASE.pom
2017-09-15 17:37:05,193 [Worker-9] INFO  o.e.m.c.i.e.AbstractTransferListenerAdapter - Downloaded https://repo.maven.apache.org/maven2/org/springframework/boot/spring-boot-test-autoconfigure/1.5.7.RELEASE/spring-boot-test-autoconfigure-1.5.7.RELEASE.pom
2017-09-15 17:37:06,062 [Worker-9] INFO  o.e.m.c.i.e.AbstractTransferListenerAdapter - Downloading https://repo.maven.apache.org/maven2/org/springframework/spring-test/4.3.11.RELEASE/spring-test-4.3.11.RELEASE.pom
2017-09-15 17:37:06,634 [Worker-9] INFO  o.e.m.c.i.e.AbstractTransferListenerAdapter - Downloaded https://repo.maven.apache.org/maven2/org/springframework/spring-test/4.3.11.RELEASE/spring-test-4.3.11.RELEASE.pom
2017-09-15 17:37:07,192 [Worker-9] INFO  o.e.m.c.i.e.AbstractTransferListenerAdapter - Downloading https://repo.maven.apache.org/maven2/org/springframework/boot/spring-boot-starter-thymeleaf/1.5.7.RELEASE/spring-boot-starter-thymeleaf-1.5.7.RELEASE.jar
2017-09-15 17:37:07,504 [Worker-9] INFO  o.e.m.c.i.e.AbstractTransferListenerAdapter - Downloaded https://repo.maven.apache.org/maven2/org/springframework/boot/spring-boot-starter-thymeleaf/1.5.7.RELEASE/spring-boot-starter-thymeleaf-1.5.7.RELEASE.jar
2017-09-15 17:37:07,738 [Worker-9] INFO  o.e.m.c.i.e.AbstractTransferListenerAdapter - Downloading https://repo.maven.apache.org/maven2/org/springframework/boot/spring-boot-starter/1.5.7.RELEASE/spring-boot-starter-1.5.7.RELEASE.jar
2017-09-15 17:37:08,118 [Worker-9] INFO  o.e.m.c.i.e.AbstractTransferListenerAdapter - Downloaded https://repo.maven.apache.org/maven2/org/springframework/boot/spring-boot-starter/1.5.7.RELEASE/spring-boot-starter-1.5.7.RELEASE.jar
2017-09-15 17:37:08,419 [Worker-9] INFO  o.e.m.c.i.e.AbstractTransferListenerAdapter - Downloading https://repo.maven.apache.org/maven2/org/springframework/boot/spring-boot-starter-logging/1.5.7.RELEASE/spring-boot-starter-logging-1.5.7.RELEASE.jar
2017-09-15 17:37:08,734 [Worker-9] INFO  o.e.m.c.i.e.AbstractTransferListenerAdapter - Downloaded https://repo.maven.apache.org/maven2/org/springframework/boot/spring-boot-starter-logging/1.5.7.RELEASE/spring-boot-starter-logging-1.5.7.RELEASE.jar
2017-09-15 17:37:09,136 [Worker-9] INFO  o.e.m.c.i.e.AbstractTransferListenerAdapter - Downloading https://repo.maven.apache.org/maven2/org/springframework/boot/spring-boot-starter-web/1.5.7.RELEASE/spring-boot-starter-web-1.5.7.RELEASE.jar
2017-09-15 17:37:09,340 [Worker-9] INFO  o.e.m.c.i.e.AbstractTransferListenerAdapter - Downloaded https://repo.maven.apache.org/maven2/org/springframework/boot/spring-boot-starter-web/1.5.7.RELEASE/spring-boot-starter-web-1.5.7.RELEASE.jar
2017-09-15 17:37:09,749 [Worker-9] INFO  o.e.m.c.i.e.AbstractTransferListenerAdapter - Downloading https://repo.maven.apache.org/maven2/org/springframework/boot/spring-boot-starter-tomcat/1.5.7.RELEASE/spring-boot-starter-tomcat-1.5.7.RELEASE.jar
2017-09-15 17:37:09,953 [Worker-9] INFO  o.e.m.c.i.e.AbstractTransferListenerAdapter - Downloaded https://repo.maven.apache.org/maven2/org/springframework/boot/spring-boot-starter-tomcat/1.5.7.RELEASE/spring-boot-starter-tomcat-1.5.7.RELEASE.jar
2017-09-15 17:37:10,202 [Worker-9] INFO  o.e.m.c.i.e.AbstractTransferListenerAdapter - Downloading https://repo.maven.apache.org/maven2/org/apache/tomcat/embed/tomcat-embed-core/8.5.20/tomcat-embed-core-8.5.20.jar
2017-09-15 17:37:45,496 [Worker-9] INFO  o.e.m.c.i.e.AbstractTransferListenerAdapter - Downloaded https://repo.maven.apache.org/maven2/org/apache/tomcat/embed/tomcat-embed-core/8.5.20/tomcat-embed-core-8.5.20.jar
2017-09-15 17:37:45,798 [Worker-9] INFO  o.e.m.c.i.e.AbstractTransferListenerAdapter - Downloading https://repo.maven.apache.org/maven2/org/apache/tomcat/embed/tomcat-embed-el/8.5.20/tomcat-embed-el-8.5.20.jar
2017-09-15 17:37:47,029 [Worker-9] INFO  o.e.m.c.i.e.AbstractTransferListenerAdapter - Downloaded https://repo.maven.apache.org/maven2/org/apache/tomcat/embed/tomcat-embed-el/8.5.20/tomcat-embed-el-8.5.20.jar
2017-09-15 17:37:47,333 [Worker-9] INFO  o.e.m.c.i.e.AbstractTransferListenerAdapter - Downloading https://repo.maven.apache.org/maven2/org/apache/tomcat/embed/tomcat-embed-websocket/8.5.20/tomcat-embed-websocket-8.5.20.jar
2017-09-15 17:37:48,162 [Worker-9] INFO  o.e.m.c.i.e.AbstractTransferListenerAdapter - Downloaded https://repo.maven.apache.org/maven2/org/apache/tomcat/embed/tomcat-embed-websocket/8.5.20/tomcat-embed-websocket-8.5.20.jar
2017-09-15 17:37:48,376 [Worker-9] INFO  o.e.m.c.i.e.AbstractTransferListenerAdapter - Downloading https://repo.maven.apache.org/maven2/com/fasterxml/classmate/1.3.4/classmate-1.3.4.jar
2017-09-15 17:37:48,690 [Worker-9] INFO  o.e.m.c.i.e.AbstractTransferListenerAdapter - Downloaded https://repo.maven.apache.org/maven2/com/fasterxml/classmate/1.3.4/classmate-1.3.4.jar
2017-09-15 17:37:48,907 [Worker-9] INFO  o.e.m.c.i.e.AbstractTransferListenerAdapter - Downloading https://repo.maven.apache.org/maven2/com/fasterxml/jackson/core/jackson-databind/2.8.10/jackson-databind-2.8.10.jar
2017-09-15 17:38:06,307 [Worker-9] INFO  o.e.m.c.i.e.AbstractTransferListenerAdapter - Downloaded https://repo.maven.apache.org/maven2/com/fasterxml/jackson/core/jackson-databind/2.8.10/jackson-databind-2.8.10.jar
2017-09-15 17:38:06,582 [Worker-9] INFO  o.e.m.c.i.e.AbstractTransferListenerAdapter - Downloading https://repo.maven.apache.org/maven2/com/fasterxml/jackson/core/jackson-core/2.8.10/jackson-core-2.8.10.jar
2017-09-15 17:38:08,848 [Worker-9] INFO  o.e.m.c.i.e.AbstractTransferListenerAdapter - Downloaded https://repo.maven.apache.org/maven2/com/fasterxml/jackson/core/jackson-core/2.8.10/jackson-core-2.8.10.jar
2017-09-15 17:38:09,043 [Worker-9] INFO  o.e.m.c.i.e.AbstractTransferListenerAdapter - Downloading https://repo.maven.apache.org/maven2/org/springframework/spring-web/4.3.11.RELEASE/spring-web-4.3.11.RELEASE.jar
2017-09-15 17:38:15,911 [Worker-9] INFO  o.e.m.c.i.e.AbstractTransferListenerAdapter - Downloaded https://repo.maven.apache.org/maven2/org/springframework/spring-web/4.3.11.RELEASE/spring-web-4.3.11.RELEASE.jar
2017-09-15 17:38:16,208 [Worker-9] INFO  o.e.m.c.i.e.AbstractTransferListenerAdapter - Downloading https://repo.maven.apache.org/maven2/org/springframework/spring-aop/4.3.11.RELEASE/spring-aop-4.3.11.RELEASE.jar
2017-09-15 17:38:18,680 [Worker-9] INFO  o.e.m.c.i.e.AbstractTransferListenerAdapter - Downloaded https://repo.maven.apache.org/maven2/org/springframework/spring-aop/4.3.11.RELEASE/spring-aop-4.3.11.RELEASE.jar
2017-09-15 17:38:19,076 [Worker-9] INFO  o.e.m.c.i.e.AbstractTransferListenerAdapter - Downloading https://repo.maven.apache.org/maven2/org/springframework/spring-beans/4.3.11.RELEASE/spring-beans-4.3.11.RELEASE.jar
2017-09-15 17:38:27,903 [Worker-9] INFO  o.e.m.c.i.e.AbstractTransferListenerAdapter - Downloaded https://repo.maven.apache.org/maven2/org/springframework/spring-beans/4.3.11.RELEASE/spring-beans-4.3.11.RELEASE.jar
2017-09-15 17:38:28,189 [Worker-9] INFO  o.e.m.c.i.e.AbstractTransferListenerAdapter - Downloading https://repo.maven.apache.org/maven2/org/springframework/spring-context/4.3.11.RELEASE/spring-context-4.3.11.RELEASE.jar
2017-09-15 17:38:42,456 [Worker-9] INFO  o.e.m.c.i.e.AbstractTransferListenerAdapter - Downloaded https://repo.maven.apache.org/maven2/org/springframework/spring-context/4.3.11.RELEASE/spring-context-4.3.11.RELEASE.jar
2017-09-15 17:38:42,734 [Worker-9] INFO  o.e.m.c.i.e.AbstractTransferListenerAdapter - Downloading https://repo.maven.apache.org/maven2/org/springframework/spring-webmvc/4.3.11.RELEASE/spring-webmvc-4.3.11.RELEASE.jar
2017-09-15 17:38:50,081 [Worker-9] INFO  o.e.m.c.i.e.AbstractTransferListenerAdapter - Downloaded https://repo.maven.apache.org/maven2/org/springframework/spring-webmvc/4.3.11.RELEASE/spring-webmvc-4.3.11.RELEASE.jar
2017-09-15 17:38:50,275 [Worker-9] INFO  o.e.m.c.i.e.AbstractTransferListenerAdapter - Downloading https://repo.maven.apache.org/maven2/org/springframework/spring-expression/4.3.11.RELEASE/spring-expression-4.3.11.RELEASE.jar
2017-09-15 17:38:55,136 [Worker-9] INFO  o.e.m.c.i.e.AbstractTransferListenerAdapter - Downloaded https://repo.maven.apache.org/maven2/org/springframework/spring-expression/4.3.11.RELEASE/spring-expression-4.3.11.RELEASE.jar
2017-09-15 17:38:55,442 [Worker-9] INFO  o.e.m.c.i.e.AbstractTransferListenerAdapter - Downloading https://repo.maven.apache.org/maven2/org/springframework/boot/spring-boot-devtools/1.5.7.RELEASE/spring-boot-devtools-1.5.7.RELEASE.jar
2017-09-15 17:38:58,309 [Worker-9] INFO  o.e.m.c.i.e.AbstractTransferListenerAdapter - Downloaded https://repo.maven.apache.org/maven2/org/springframework/boot/spring-boot-devtools/1.5.7.RELEASE/spring-boot-devtools-1.5.7.RELEASE.jar
2017-09-15 17:38:58,603 [Worker-9] INFO  o.e.m.c.i.e.AbstractTransferListenerAdapter - Downloading https://repo.maven.apache.org/maven2/org/springframework/boot/spring-boot/1.5.7.RELEASE/spring-boot-1.5.7.RELEASE.jar
2017-09-15 17:39:01,818 [Worker-9] INFO  o.e.m.c.i.e.AbstractTransferListenerAdapter - Downloaded https://repo.maven.apache.org/maven2/org/springframework/boot/spring-boot/1.5.7.RELEASE/spring-boot-1.5.7.RELEASE.jar
2017-09-15 17:39:02,046 [Worker-9] INFO  o.e.m.c.i.e.AbstractTransferListenerAdapter - Downloading https://repo.maven.apache.org/maven2/org/springframework/boot/spring-boot-autoconfigure/1.5.7.RELEASE/spring-boot-autoconfigure-1.5.7.RELEASE.jar
2017-09-15 17:39:03,711 [Worker-9] INFO  o.e.m.c.i.e.AbstractTransferListenerAdapter - Downloaded https://repo.maven.apache.org/maven2/org/springframework/boot/spring-boot-autoconfigure/1.5.7.RELEASE/spring-boot-autoconfigure-1.5.7.RELEASE.jar
2017-09-15 17:39:03,942 [Worker-9] INFO  o.e.m.c.i.e.AbstractTransferListenerAdapter - Downloading https://repo.maven.apache.org/maven2/org/springframework/boot/spring-boot-starter-test/1.5.7.RELEASE/spring-boot-starter-test-1.5.7.RELEASE.jar
2017-09-15 17:39:04,242 [Worker-9] INFO  o.e.m.c.i.e.AbstractTransferListenerAdapter - Downloaded https://repo.maven.apache.org/maven2/org/springframework/boot/spring-boot-starter-test/1.5.7.RELEASE/spring-boot-starter-test-1.5.7.RELEASE.jar
2017-09-15 17:39:04,552 [Worker-9] INFO  o.e.m.c.i.e.AbstractTransferListenerAdapter - Downloading https://repo.maven.apache.org/maven2/org/springframework/boot/spring-boot-test/1.5.7.RELEASE/spring-boot-test-1.5.7.RELEASE.jar
2017-09-15 17:39:05,779 [Worker-9] INFO  o.e.m.c.i.e.AbstractTransferListenerAdapter - Downloaded https://repo.maven.apache.org/maven2/org/springframework/boot/spring-boot-test/1.5.7.RELEASE/spring-boot-test-1.5.7.RELEASE.jar
2017-09-15 17:39:06,085 [Worker-9] INFO  o.e.m.c.i.e.AbstractTransferListenerAdapter - Downloading https://repo.maven.apache.org/maven2/org/springframework/boot/spring-boot-test-autoconfigure/1.5.7.RELEASE/spring-boot-test-autoconfigure-1.5.7.RELEASE.jar
2017-09-15 17:39:06,904 [Worker-9] INFO  o.e.m.c.i.e.AbstractTransferListenerAdapter - Downloaded https://repo.maven.apache.org/maven2/org/springframework/boot/spring-boot-test-autoconfigure/1.5.7.RELEASE/spring-boot-test-autoconfigure-1.5.7.RELEASE.jar
2017-09-15 17:39:07,217 [Worker-9] INFO  o.e.m.c.i.e.AbstractTransferListenerAdapter - Downloading https://repo.maven.apache.org/maven2/org/springframework/spring-core/4.3.11.RELEASE/spring-core-4.3.11.RELEASE.jar
2017-09-15 17:39:10,899 [Worker-9] INFO  o.e.m.c.i.e.AbstractTransferListenerAdapter - Downloaded https://repo.maven.apache.org/maven2/org/springframework/spring-core/4.3.11.RELEASE/spring-core-4.3.11.RELEASE.jar
2017-09-15 17:39:11,201 [Worker-9] INFO  o.e.m.c.i.e.AbstractTransferListenerAdapter - Downloading https://repo.maven.apache.org/maven2/org/springframework/spring-test/4.3.11.RELEASE/spring-test-4.3.11.RELEASE.jar
2017-09-15 17:39:13,765 [Worker-9] INFO  o.e.m.c.i.e.AbstractTransferListenerAdapter - Downloaded https://repo.maven.apache.org/maven2/org/springframework/spring-test/4.3.11.RELEASE/spring-test-4.3.11.RELEASE.jar
2017-09-15 17:39:18,980 [Worker-9] INFO  o.e.m.c.i.e.AbstractTransferListenerAdapter - Downloading https://repo.maven.apache.org/maven2/org/apache/maven/plugins/maven-surefire-plugin/2.18.1/maven-surefire-plugin-2.18.1.pom
2017-09-15 17:39:19,398 [Worker-9] INFO  o.e.m.c.i.e.AbstractTransferListenerAdapter - Downloaded https://repo.maven.apache.org/maven2/org/apache/maven/plugins/maven-surefire-plugin/2.18.1/maven-surefire-plugin-2.18.1.pom
2017-09-15 17:39:19,803 [Worker-9] INFO  o.e.m.c.i.e.AbstractTransferListenerAdapter - Downloading https://repo.maven.apache.org/maven2/org/apache/maven/surefire/surefire/2.18.1/surefire-2.18.1.pom
2017-09-15 17:39:20,611 [Worker-9] INFO  o.e.m.c.i.e.AbstractTransferListenerAdapter - Downloaded https://repo.maven.apache.org/maven2/org/apache/maven/surefire/surefire/2.18.1/surefire-2.18.1.pom
2017-09-15 17:39:20,885 [Worker-9] INFO  o.e.m.c.i.e.AbstractTransferListenerAdapter - Downloading https://repo.maven.apache.org/maven2/org/apache/maven/maven-parent/26/maven-parent-26.pom
2017-09-15 17:39:22,378 [Worker-9] INFO  o.e.m.c.i.e.AbstractTransferListenerAdapter - Downloaded https://repo.maven.apache.org/maven2/org/apache/maven/maven-parent/26/maven-parent-26.pom
2017-09-15 17:39:22,673 [Worker-9] INFO  o.e.m.c.i.e.AbstractTransferListenerAdapter - Downloading https://repo.maven.apache.org/maven2/org/apache/apache/16/apache-16.pom
2017-09-15 17:39:23,289 [Worker-9] INFO  o.e.m.c.i.e.AbstractTransferListenerAdapter - Downloaded https://repo.maven.apache.org/maven2/org/apache/apache/16/apache-16.pom
2017-09-15 17:39:23,691 [Worker-9] INFO  o.e.m.c.i.e.AbstractTransferListenerAdapter - Downloading https://repo.maven.apache.org/maven2/org/apache/maven/plugins/maven-jar-plugin/2.6/maven-jar-plugin-2.6.pom
2017-09-15 17:39:24,108 [Worker-9] INFO  o.e.m.c.i.e.AbstractTransferListenerAdapter - Downloaded https://repo.maven.apache.org/maven2/org/apache/maven/plugins/maven-jar-plugin/2.6/maven-jar-plugin-2.6.pom
2017-09-15 17:39:24,511 [Worker-9] INFO  o.e.m.c.i.e.AbstractTransferListenerAdapter - Downloading https://repo.maven.apache.org/maven2/org/apache/maven/plugins/maven-plugins/27/maven-plugins-27.pom
2017-09-15 17:39:25,176 [Worker-9] INFO  o.e.m.c.i.e.AbstractTransferListenerAdapter - Downloaded https://repo.maven.apache.org/maven2/org/apache/maven/plugins/maven-plugins/27/maven-plugins-27.pom
2017-09-15 17:39:26,307 [Worker-9] INFO  o.e.m.c.i.e.AbstractTransferListenerAdapter - Downloading https://repo.maven.apache.org/maven2/org/apache/maven/reporting/maven-reporting-api/2.2.1/maven-reporting-api-2.2.1.pom
2017-09-15 17:39:26,535 [Worker-9] INFO  o.e.m.c.i.e.AbstractTransferListenerAdapter - Downloaded https://repo.maven.apache.org/maven2/org/apache/maven/reporting/maven-reporting-api/2.2.1/maven-reporting-api-2.2.1.pom
2017-09-15 17:39:26,787 [Worker-9] INFO  o.e.m.c.i.e.AbstractTransferListenerAdapter - Downloading https://repo.maven.apache.org/maven2/org/apache/maven/reporting/maven-reporting/2.2.1/maven-reporting-2.2.1.pom
2017-09-15 17:39:27,015 [Worker-9] INFO  o.e.m.c.i.e.AbstractTransferListenerAdapter - Downloaded https://repo.maven.apache.org/maven2/org/apache/maven/reporting/maven-reporting/2.2.1/maven-reporting-2.2.1.pom
2017-09-15 17:39:28,129 [Worker-9] INFO  o.e.m.c.i.e.AbstractTransferListenerAdapter - Downloading https://repo.maven.apache.org/maven2/org/apache/maven/doxia/doxia-sink-api/1.1/doxia-sink-api-1.1.pom
2017-09-15 17:39:28,388 [Worker-9] INFO  o.e.m.c.i.e.AbstractTransferListenerAdapter - Downloaded https://repo.maven.apache.org/maven2/org/apache/maven/doxia/doxia-sink-api/1.1/doxia-sink-api-1.1.pom
2017-09-15 17:39:28,681 [Worker-9] INFO  o.e.m.c.i.e.AbstractTransferListenerAdapter - Downloading https://repo.maven.apache.org/maven2/org/apache/maven/doxia/doxia/1.1/doxia-1.1.pom
2017-09-15 17:39:29,419 [Worker-9] INFO  o.e.m.c.i.e.AbstractTransferListenerAdapter - Downloaded https://repo.maven.apache.org/maven2/org/apache/maven/doxia/doxia/1.1/doxia-1.1.pom
2017-09-15 17:39:29,688 [Worker-9] INFO  o.e.m.c.i.e.AbstractTransferListenerAdapter - Downloading https://repo.maven.apache.org/maven2/org/apache/maven/doxia/doxia-logging-api/1.1/doxia-logging-api-1.1.pom
2017-09-15 17:39:29,944 [Worker-9] INFO  o.e.m.c.i.e.AbstractTransferListenerAdapter - Downloaded https://repo.maven.apache.org/maven2/org/apache/maven/doxia/doxia-logging-api/1.1/doxia-logging-api-1.1.pom
2017-09-15 17:39:30,360 [Worker-9] INFO  o.e.m.c.i.e.AbstractTransferListenerAdapter - Downloading https://repo.maven.apache.org/maven2/org/codehaus/plexus/plexus-container-default/1.0-alpha-30/plexus-container-default-1.0-alpha-30.pom
2017-09-15 17:39:30,794 [Worker-9] INFO  o.e.m.c.i.e.AbstractTransferListenerAdapter - Downloaded https://repo.maven.apache.org/maven2/org/codehaus/plexus/plexus-container-default/1.0-alpha-30/plexus-container-default-1.0-alpha-30.pom
2017-09-15 17:39:31,166 [Worker-9] INFO  o.e.m.c.i.e.AbstractTransferListenerAdapter - Downloading https://repo.maven.apache.org/maven2/org/codehaus/plexus/plexus-containers/1.0-alpha-30/plexus-containers-1.0-alpha-30.pom
2017-09-15 17:39:31,584 [Worker-9] INFO  o.e.m.c.i.e.AbstractTransferListenerAdapter - Downloaded https://repo.maven.apache.org/maven2/org/codehaus/plexus/plexus-containers/1.0-alpha-30/plexus-containers-1.0-alpha-30.pom
2017-09-15 17:39:31,893 [Worker-9] INFO  o.e.m.c.i.e.AbstractTransferListenerAdapter - Downloading https://repo.maven.apache.org/maven2/org/codehaus/plexus/plexus-classworlds/1.2-alpha-9/plexus-classworlds-1.2-alpha-9.pom
2017-09-15 17:39:32,134 [Worker-9] INFO  o.e.m.c.i.e.AbstractTransferListenerAdapter - Downloaded https://repo.maven.apache.org/maven2/org/codehaus/plexus/plexus-classworlds/1.2-alpha-9/plexus-classworlds-1.2-alpha-9.pom
2017-09-15 17:39:32,448 [Worker-9] INFO  o.e.m.c.i.e.AbstractTransferListenerAdapter - Downloading https://repo.maven.apache.org/maven2/org/codehaus/plexus/plexus/1.0.10/plexus-1.0.10.pom
2017-09-15 17:39:32,987 [Worker-9] INFO  o.e.m.c.i.e.AbstractTransferListenerAdapter - Downloaded https://repo.maven.apache.org/maven2/org/codehaus/plexus/plexus/1.0.10/plexus-1.0.10.pom
2017-09-15 17:39:33,333 [Worker-9] INFO  o.e.m.c.i.e.AbstractTransferListenerAdapter - Downloading https://repo.maven.apache.org/maven2/commons-cli/commons-cli/1.2/commons-cli-1.2.pom
2017-09-15 17:39:33,747 [Worker-9] INFO  o.e.m.c.i.e.AbstractTransferListenerAdapter - Downloaded https://repo.maven.apache.org/maven2/commons-cli/commons-cli/1.2/commons-cli-1.2.pom
2017-09-15 17:39:34,017 [Worker-9] INFO  o.e.m.c.i.e.AbstractTransferListenerAdapter - Downloading https://repo.maven.apache.org/maven2/org/apache/commons/commons-parent/11/commons-parent-11.pom
2017-09-15 17:39:34,972 [Worker-9] INFO  o.e.m.c.i.e.AbstractTransferListenerAdapter - Downloaded https://repo.maven.apache.org/maven2/org/apache/commons/commons-parent/11/commons-parent-11.pom
2017-09-15 17:39:35,674 [Worker-9] INFO  o.e.m.c.i.e.AbstractTransferListenerAdapter - Downloading https://repo.maven.apache.org/maven2/org/codehaus/plexus/plexus-archiver/2.9/plexus-archiver-2.9.pom
2017-09-15 17:39:35,908 [Worker-9] INFO  o.e.m.c.i.e.AbstractTransferListenerAdapter - Downloaded https://repo.maven.apache.org/maven2/org/codehaus/plexus/plexus-archiver/2.9/plexus-archiver-2.9.pom
2017-09-15 17:39:39,561 [Worker-9] INFO  o.e.m.c.i.e.AbstractTransferListenerAdapter - Downloading https://repo.maven.apache.org/maven2/org/codehaus/plexus/plexus-io/2.4/plexus-io-2.4.pom
2017-09-15 17:39:39,788 [Worker-9] INFO  o.e.m.c.i.e.AbstractTransferListenerAdapter - Downloaded https://repo.maven.apache.org/maven2/org/codehaus/plexus/plexus-io/2.4/plexus-io-2.4.pom
2017-09-15 17:39:41,921 [Worker-9] INFO  o.e.m.c.i.e.AbstractTransferListenerAdapter - Downloading https://repo.maven.apache.org/maven2/commons-io/commons-io/2.2/commons-io-2.2.pom
2017-09-15 17:39:47,337 [Worker-9] INFO  o.e.m.c.i.e.AbstractTransferListenerAdapter - Downloaded https://repo.maven.apache.org/maven2/commons-io/commons-io/2.2/commons-io-2.2.pom
2017-09-15 17:39:47,958 [Worker-9] INFO  o.e.m.c.i.e.AbstractTransferListenerAdapter - Downloading https://repo.maven.apache.org/maven2/org/apache/commons/commons-parent/24/commons-parent-24.pom
2017-09-15 17:39:50,686 [Worker-9] INFO  o.e.m.c.i.e.AbstractTransferListenerAdapter - Downloaded https://repo.maven.apache.org/maven2/org/apache/commons/commons-parent/24/commons-parent-24.pom
2017-09-15 17:39:51,124 [Worker-9] INFO  o.e.m.c.i.e.AbstractTransferListenerAdapter - Downloading https://repo.maven.apache.org/maven2/org/apache/maven/maven-plugin-api/2.2.1/maven-plugin-api-2.2.1.jar
2017-09-15 17:39:51,512 [Worker-9] INFO  o.e.m.c.i.e.AbstractTransferListenerAdapter - Downloaded https://repo.maven.apache.org/maven2/org/apache/maven/maven-plugin-api/2.2.1/maven-plugin-api-2.2.1.jar
2017-09-15 17:39:51,729 [Worker-9] INFO  o.e.m.c.i.e.AbstractTransferListenerAdapter - Downloading https://repo.maven.apache.org/maven2/org/apache/maven/maven-core/2.2.1/maven-core-2.2.1.jar
2017-09-15 17:39:57,246 [Worker-9] INFO  o.e.m.c.i.e.AbstractTransferListenerAdapter - Downloaded https://repo.maven.apache.org/maven2/org/apache/maven/maven-core/2.2.1/maven-core-2.2.1.jar
2017-09-15 17:39:57,543 [Worker-9] INFO  o.e.m.c.i.e.AbstractTransferListenerAdapter - Downloading https://repo.maven.apache.org/maven2/org/apache/maven/maven-settings/2.2.1/maven-settings-2.2.1.jar
2017-09-15 17:40:01,431 [Worker-9] INFO  o.e.m.c.i.e.AbstractTransferListenerAdapter - Downloaded https://repo.maven.apache.org/maven2/org/apache/maven/maven-settings/2.2.1/maven-settings-2.2.1.jar
2017-09-15 17:40:02,303 [Worker-9] INFO  o.e.m.c.i.e.AbstractTransferListenerAdapter - Downloading https://repo.maven.apache.org/maven2/org/apache/maven/maven-plugin-parameter-documenter/2.2.1/maven-plugin-parameter-documenter-2.2.1.jar
2017-09-15 17:40:08,146 [Worker-9] INFO  o.e.m.c.i.e.AbstractTransferListenerAdapter - Downloaded https://repo.maven.apache.org/maven2/org/apache/maven/maven-plugin-parameter-documenter/2.2.1/maven-plugin-parameter-documenter-2.2.1.jar
2017-09-15 17:40:08,365 [Worker-9] INFO  o.e.m.c.i.e.AbstractTransferListenerAdapter - Downloading https://repo.maven.apache.org/maven2/org/slf4j/slf4j-jdk14/1.5.6/slf4j-jdk14-1.5.6.jar
2017-09-15 17:40:09,086 [Worker-9] INFO  o.e.m.c.i.e.AbstractTransferListenerAdapter - Downloaded https://repo.maven.apache.org/maven2/org/slf4j/slf4j-jdk14/1.5.6/slf4j-jdk14-1.5.6.jar
2017-09-15 17:40:09,378 [Worker-9] INFO  o.e.m.c.i.e.AbstractTransferListenerAdapter - Downloading https://repo.maven.apache.org/maven2/org/slf4j/slf4j-api/1.5.6/slf4j-api-1.5.6.jar
2017-09-15 17:40:10,380 [Worker-9] INFO  o.e.m.c.i.e.AbstractTransferListenerAdapter - Downloaded https://repo.maven.apache.org/maven2/org/slf4j/slf4j-api/1.5.6/slf4j-api-1.5.6.jar
2017-09-15 17:40:10,630 [Worker-9] INFO  o.e.m.c.i.e.AbstractTransferListenerAdapter - Downloading https://repo.maven.apache.org/maven2/org/slf4j/jcl-over-slf4j/1.5.6/jcl-over-slf4j-1.5.6.jar
2017-09-15 17:40:11,164 [Worker-9] INFO  o.e.m.c.i.e.AbstractTransferListenerAdapter - Downloaded https://repo.maven.apache.org/maven2/org/slf4j/jcl-over-slf4j/1.5.6/jcl-over-slf4j-1.5.6.jar
2017-09-15 17:40:11,532 [Worker-9] INFO  o.e.m.c.i.e.AbstractTransferListenerAdapter - Downloading https://repo.maven.apache.org/maven2/org/apache/maven/reporting/maven-reporting-api/2.2.1/maven-reporting-api-2.2.1.jar
2017-09-15 17:40:12,158 [Worker-9] INFO  o.e.m.c.i.e.AbstractTransferListenerAdapter - Downloaded https://repo.maven.apache.org/maven2/org/apache/maven/reporting/maven-reporting-api/2.2.1/maven-reporting-api-2.2.1.jar
2017-09-15 17:40:12,643 [Worker-9] INFO  o.e.m.c.i.e.AbstractTransferListenerAdapter - Downloading https://repo.maven.apache.org/maven2/org/apache/maven/doxia/doxia-sink-api/1.1/doxia-sink-api-1.1.jar
2017-09-15 17:40:13,115 [Worker-9] INFO  o.e.m.c.i.e.AbstractTransferListenerAdapter - Downloaded https://repo.maven.apache.org/maven2/org/apache/maven/doxia/doxia-sink-api/1.1/doxia-sink-api-1.1.jar
2017-09-15 17:40:13,377 [Worker-9] INFO  o.e.m.c.i.e.AbstractTransferListenerAdapter - Downloading https://repo.maven.apache.org/maven2/org/apache/maven/doxia/doxia-logging-api/1.1/doxia-logging-api-1.1.jar
2017-09-15 17:40:15,005 [Worker-9] INFO  o.e.m.c.i.e.AbstractTransferListenerAdapter - Downloaded https://repo.maven.apache.org/maven2/org/apache/maven/doxia/doxia-logging-api/1.1/doxia-logging-api-1.1.jar
2017-09-15 17:40:15,403 [Worker-9] INFO  o.e.m.c.i.e.AbstractTransferListenerAdapter - Downloading https://repo.maven.apache.org/maven2/org/apache/maven/maven-profile/2.2.1/maven-profile-2.2.1.jar
2017-09-15 17:40:16,290 [Worker-9] INFO  o.e.m.c.i.e.AbstractTransferListenerAdapter - Downloaded https://repo.maven.apache.org/maven2/org/apache/maven/maven-profile/2.2.1/maven-profile-2.2.1.jar
2017-09-15 17:40:16,855 [Worker-9] INFO  o.e.m.c.i.e.AbstractTransferListenerAdapter - Downloading https://repo.maven.apache.org/maven2/org/apache/maven/maven-model/2.2.1/maven-model-2.2.1.jar
2017-09-15 17:40:20,134 [Worker-9] INFO  o.e.m.c.i.e.AbstractTransferListenerAdapter - Downloaded https://repo.maven.apache.org/maven2/org/apache/maven/maven-model/2.2.1/maven-model-2.2.1.jar
2017-09-15 17:40:21,493 [Worker-9] INFO  o.e.m.c.i.e.AbstractTransferListenerAdapter - Downloading https://repo.maven.apache.org/maven2/org/apache/maven/maven-repository-metadata/2.2.1/maven-repository-metadata-2.2.1.jar
2017-09-15 17:40:23,012 [Worker-9] INFO  o.e.m.c.i.e.AbstractTransferListenerAdapter - Downloaded https://repo.maven.apache.org/maven2/org/apache/maven/maven-repository-metadata/2.2.1/maven-repository-metadata-2.2.1.jar
2017-09-15 17:40:23,290 [Worker-9] INFO  o.e.m.c.i.e.AbstractTransferListenerAdapter - Downloading https://repo.maven.apache.org/maven2/org/apache/maven/maven-error-diagnostics/2.2.1/maven-error-diagnostics-2.2.1.jar
2017-09-15 17:40:24,594 [Worker-9] INFO  o.e.m.c.i.e.AbstractTransferListenerAdapter - Downloaded https://repo.maven.apache.org/maven2/org/apache/maven/maven-error-diagnostics/2.2.1/maven-error-diagnostics-2.2.1.jar
2017-09-15 17:40:24,947 [Worker-9] INFO  o.e.m.c.i.e.AbstractTransferListenerAdapter - Downloading https://repo.maven.apache.org/maven2/commons-cli/commons-cli/1.2/commons-cli-1.2.jar
2017-09-15 17:40:27,704 [Worker-9] INFO  o.e.m.c.i.e.AbstractTransferListenerAdapter - Downloaded https://repo.maven.apache.org/maven2/commons-cli/commons-cli/1.2/commons-cli-1.2.jar
2017-09-15 17:40:28,006 [Worker-9] INFO  o.e.m.c.i.e.AbstractTransferListenerAdapter - Downloading https://repo.maven.apache.org/maven2/org/apache/maven/maven-plugin-descriptor/2.2.1/maven-plugin-descriptor-2.2.1.jar
2017-09-15 17:40:30,053 [Worker-9] INFO  o.e.m.c.i.e.AbstractTransferListenerAdapter - Downloaded https://repo.maven.apache.org/maven2/org/apache/maven/maven-plugin-descriptor/2.2.1/maven-plugin-descriptor-2.2.1.jar
2017-09-15 17:40:30,663 [Worker-9] INFO  o.e.m.c.i.e.AbstractTransferListenerAdapter - Downloading https://repo.maven.apache.org/maven2/org/apache/maven/maven-artifact-manager/2.2.1/maven-artifact-manager-2.2.1.jar
2017-09-15 17:40:40,734 [Worker-9] INFO  o.e.m.c.i.e.AbstractTransferListenerAdapter - Downloaded https://repo.maven.apache.org/maven2/org/apache/maven/maven-artifact-manager/2.2.1/maven-artifact-manager-2.2.1.jar
2017-09-15 17:40:40,995 [Worker-9] INFO  o.e.m.c.i.e.AbstractTransferListenerAdapter - Downloading https://repo.maven.apache.org/maven2/backport-util-concurrent/backport-util-concurrent/3.1/backport-util-concurrent-3.1.jar
2017-09-15 17:41:05,623 [Worker-9] INFO  o.e.m.c.i.e.AbstractTransferListenerAdapter - Downloaded https://repo.maven.apache.org/maven2/backport-util-concurrent/backport-util-concurrent/3.1/backport-util-concurrent-3.1.jar
2017-09-15 17:41:06,374 [Worker-9] INFO  o.e.m.c.i.e.AbstractTransferListenerAdapter - Downloading https://repo.maven.apache.org/maven2/org/apache/maven/maven-monitor/2.2.1/maven-monitor-2.2.1.jar
2017-09-15 17:41:10,886 [Worker-9] INFO  o.e.m.c.i.e.AbstractTransferListenerAdapter - Downloaded https://repo.maven.apache.org/maven2/org/apache/maven/maven-monitor/2.2.1/maven-monitor-2.2.1.jar
2017-09-15 17:41:11,483 [Worker-9] INFO  o.e.m.c.i.e.AbstractTransferListenerAdapter - Downloading https://repo.maven.apache.org/maven2/org/apache/maven/maven-project/2.2.1/maven-project-2.2.1.jar
2017-09-15 17:41:38,360 [Worker-9] INFO  o.e.m.c.i.e.AbstractTransferListenerAdapter - Downloaded https://repo.maven.apache.org/maven2/org/apache/maven/maven-project/2.2.1/maven-project-2.2.1.jar
2017-09-15 17:41:38,976 [Worker-9] INFO  o.e.m.c.i.e.AbstractTransferListenerAdapter - Downloading https://repo.maven.apache.org/maven2/org/apache/maven/maven-plugin-registry/2.2.1/maven-plugin-registry-2.2.1.jar
2017-09-15 17:41:40,161 [Worker-9] INFO  o.e.m.c.i.e.AbstractTransferListenerAdapter - Downloaded https://repo.maven.apache.org/maven2/org/apache/maven/maven-plugin-registry/2.2.1/maven-plugin-registry-2.2.1.jar
2017-09-15 17:41:40,434 [Worker-9] INFO  o.e.m.c.i.e.AbstractTransferListenerAdapter - Downloading https://repo.maven.apache.org/maven2/org/codehaus/plexus/plexus-interpolation/1.11/plexus-interpolation-1.11.jar
2017-09-15 17:41:43,222 [Worker-9] INFO  o.e.m.c.i.e.AbstractTransferListenerAdapter - Downloaded https://repo.maven.apache.org/maven2/org/codehaus/plexus/plexus-interpolation/1.11/plexus-interpolation-1.11.jar
2017-09-15 17:41:43,679 [Worker-9] INFO  o.e.m.c.i.e.AbstractTransferListenerAdapter - Downloading https://repo.maven.apache.org/maven2/org/apache/maven/maven-artifact/2.2.1/maven-artifact-2.2.1.jar
2017-09-15 17:41:48,186 [Worker-9] INFO  o.e.m.c.i.e.AbstractTransferListenerAdapter - Downloaded https://repo.maven.apache.org/maven2/org/apache/maven/maven-artifact/2.2.1/maven-artifact-2.2.1.jar
2017-09-15 17:41:48,486 [Worker-9] INFO  o.e.m.c.i.e.AbstractTransferListenerAdapter - Downloading https://repo.maven.apache.org/maven2/org/codehaus/plexus/plexus-archiver/2.9/plexus-archiver-2.9.jar
2017-09-15 17:42:02,373 [Worker-9] INFO  o.e.m.c.i.e.AbstractTransferListenerAdapter - Downloaded https://repo.maven.apache.org/maven2/org/codehaus/plexus/plexus-archiver/2.9/plexus-archiver-2.9.jar
2017-09-15 17:42:02,734 [Worker-9] INFO  o.e.m.c.i.e.AbstractTransferListenerAdapter - Downloading https://repo.maven.apache.org/maven2/org/codehaus/plexus/plexus-io/2.4/plexus-io-2.4.jar
2017-09-15 17:42:19,366 [Worker-9] INFO  o.e.m.c.i.e.AbstractTransferListenerAdapter - Downloaded https://repo.maven.apache.org/maven2/org/codehaus/plexus/plexus-io/2.4/plexus-io-2.4.jar
2017-09-15 17:42:19,578 [Worker-9] INFO  o.e.m.c.i.e.AbstractTransferListenerAdapter - Downloading https://repo.maven.apache.org/maven2/commons-io/commons-io/2.2/commons-io-2.2.jar
2017-09-15 17:42:45,934 [Worker-9] INFO  o.e.m.c.i.e.AbstractTransferListenerAdapter - Downloaded https://repo.maven.apache.org/maven2/commons-io/commons-io/2.2/commons-io-2.2.jar
2017-09-15 17:42:55,177 [Worker-9] INFO  o.e.m.j.i.AbstractJavaProjectConfigurator - Adding source folder /tutoria_2_adpap/src/main/java
2017-09-15 17:42:55,179 [Worker-9] INFO  o.e.m.j.i.AbstractJavaProjectConfigurator - Adding resource folder /tutoria_2_adpap/src/main/resources
2017-09-15 17:42:55,217 [Worker-9] INFO  o.e.m.j.i.AbstractJavaProjectConfigurator - Adding resource folder /tutoria_2_adpap/src/main/resources
2017-09-15 17:42:55,262 [Worker-9] INFO  o.e.m.j.i.AbstractJavaProjectConfigurator - Adding source folder /tutoria_2_adpap/src/test/java
2017-09-15 17:43:02,433 [Worker-9] INFO  o.e.m.c.i.p.ProjectConfigurationManager - Imported and configured 1 project(s) in 410 sec
2017-09-15 17:43:02,440 [Worker-9] INFO  o.e.m.c.i.p.ProjectConfigurationManager - Update started
2017-09-15 17:43:04,924 [Worker-9] INFO  o.e.m.c.i.l.LifecycleMappingFactory - Using org.eclipse.m2e.jdt.JarLifecycleMapping lifecycle mapping for MavenProject: com.example:tutoria_2_adpap:0.0.1-SNAPSHOT @ F:\Fasilkom\5\APAP\New folder\tutoria_2_adpap\pom.xml.
2017-09-15 17:43:07,886 [Worker-9] INFO  o.e.m.j.i.AbstractJavaProjectConfigurator - Adding source folder /tutoria_2_adpap/src/main/java
2017-09-15 17:43:07,886 [Worker-9] INFO  o.e.m.j.i.AbstractJavaProjectConfigurator - Adding resource folder /tutoria_2_adpap/src/main/resources
2017-09-15 17:43:07,887 [Worker-9] INFO  o.e.m.j.i.AbstractJavaProjectConfigurator - Adding resource folder /tutoria_2_adpap/src/main/resources
2017-09-15 17:43:07,889 [Worker-9] INFO  o.e.m.j.i.AbstractJavaProjectConfigurator - Adding source folder /tutoria_2_adpap/src/test/java
2017-09-15 17:43:09,399 [Worker-9] INFO  o.e.m.c.i.p.ProjectConfigurationManager - Update completed: 6 sec
2017-09-15 17:43:15,504 [Worker-22] INFO  o.e.m.c.i.embedder.EclipseLogger - Using 'UTF-8' encoding to copy filtered resources.
2017-09-15 17:43:15,521 [Worker-22] INFO  o.e.m.c.i.embedder.EclipseLogger - Copying 1 resource
2017-09-15 17:43:15,557 [Worker-22] INFO  o.e.m.c.i.embedder.EclipseLogger - Copying 0 resource
2017-09-15 17:43:15,567 [Worker-22] INFO  o.e.m.c.i.embedder.EclipseLogger - Using 'UTF-8' encoding to copy filtered resources.
2017-09-15 17:43:15,568 [Worker-22] INFO  o.e.m.c.i.embedder.EclipseLogger - skip non existing resourceDirectory F:\Fasilkom\5\APAP\New folder\tutoria_2_adpap\src\test\resources
2017-09-15 17:51:13,204 [Worker-26] INFO  o.e.m.c.i.embedder.EclipseLogger - Using 'UTF-8' encoding to copy filtered resources.
2017-09-15 17:51:13,214 [Worker-26] INFO  o.e.m.c.i.embedder.EclipseLogger - Copying 1 resource
2017-09-15 17:51:13,219 [Worker-26] INFO  o.e.m.c.i.embedder.EclipseLogger - Copying 0 resource
2017-09-15 17:51:13,224 [Worker-26] INFO  o.e.m.c.i.embedder.EclipseLogger - Using 'UTF-8' encoding to copy filtered resources.
2017-09-15 17:51:13,224 [Worker-26] INFO  o.e.m.c.i.embedder.EclipseLogger - skip non existing resourceDirectory F:\Fasilkom\5\APAP\New folder\tutoria_2_adpap\src\test\resources
2017-09-15 17:51:15,247 [Worker-25] INFO  o.e.m.c.i.embedder.EclipseLogger - Using 'UTF-8' encoding to copy filtered resources.
2017-09-15 17:51:15,248 [Worker-25] INFO  o.e.m.c.i.embedder.EclipseLogger - Copying 0 resource
2017-09-15 17:51:15,249 [Worker-25] INFO  o.e.m.c.i.embedder.EclipseLogger - Copying 0 resource
2017-09-15 17:51:15,255 [Worker-25] INFO  o.e.m.c.i.embedder.EclipseLogger - Using 'UTF-8' encoding to copy filtered resources.
2017-09-15 17:51:15,255 [Worker-25] INFO  o.e.m.c.i.embedder.EclipseLogger - skip non existing resourceDirectory F:\Fasilkom\5\APAP\New folder\tutoria_2_adpap\src\test\resources
2017-09-15 17:52:08,778 [Worker-27] INFO  o.e.m.c.i.embedder.EclipseLogger - Using 'UTF-8' encoding to copy filtered resources.
2017-09-15 17:52:08,780 [Worker-27] INFO  o.e.m.c.i.embedder.EclipseLogger - Copying 1 resource
2017-09-15 17:52:08,785 [Worker-27] INFO  o.e.m.c.i.embedder.EclipseLogger - Copying 0 resource
2017-09-15 17:52:08,790 [Worker-27] INFO  o.e.m.c.i.embedder.EclipseLogger - Using 'UTF-8' encoding to copy filtered resources.
2017-09-15 17:52:08,790 [Worker-27] INFO  o.e.m.c.i.embedder.EclipseLogger - skip non existing resourceDirectory F:\Fasilkom\5\APAP\New folder\tutoria_2_adpap\src\test\resources
2017-09-15 17:54:24,064 [Worker-21] INFO  o.e.m.c.i.embedder.EclipseLogger - Using 'UTF-8' encoding to copy filtered resources.
2017-09-15 17:54:24,067 [Worker-21] INFO  o.e.m.c.i.embedder.EclipseLogger - Copying 1 resource
2017-09-15 17:54:24,071 [Worker-21] INFO  o.e.m.c.i.embedder.EclipseLogger - Copying 0 resource
2017-09-15 17:54:24,076 [Worker-21] INFO  o.e.m.c.i.embedder.EclipseLogger - Using 'UTF-8' encoding to copy filtered resources.
2017-09-15 17:54:24,077 [Worker-21] INFO  o.e.m.c.i.embedder.EclipseLogger - skip non existing resourceDirectory F:\Fasilkom\5\APAP\New folder\tutoria_2_adpap\src\test\resources
2017-09-15 17:55:33,614 [Worker-26] INFO  o.e.m.c.i.embedder.EclipseLogger - Using 'UTF-8' encoding to copy filtered resources.
2017-09-15 17:55:33,657 [Worker-26] INFO  o.e.m.c.i.embedder.EclipseLogger - Copying 0 resource
2017-09-15 17:55:33,659 [Worker-26] INFO  o.e.m.c.i.embedder.EclipseLogger - Copying 1 resource
2017-09-15 17:55:33,678 [Worker-26] INFO  o.e.m.c.i.embedder.EclipseLogger - Using 'UTF-8' encoding to copy filtered resources.
2017-09-15 17:55:33,678 [Worker-26] INFO  o.e.m.c.i.embedder.EclipseLogger - skip non existing resourceDirectory F:\Fasilkom\5\APAP\New folder\tutoria_2_adpap\src\test\resources
2017-09-15 17:57:18,040 [Worker-27] INFO  o.e.m.c.i.embedder.EclipseLogger - Using 'UTF-8' encoding to copy filtered resources.
2017-09-15 17:57:18,041 [Worker-27] INFO  o.e.m.c.i.embedder.EclipseLogger - Copying 0 resource
2017-09-15 17:57:18,042 [Worker-27] INFO  o.e.m.c.i.embedder.EclipseLogger - Copying 1 resource
2017-09-15 17:57:18,054 [Worker-27] INFO  o.e.m.c.i.embedder.EclipseLogger - Using 'UTF-8' encoding to copy filtered resources.
2017-09-15 17:57:18,055 [Worker-27] INFO  o.e.m.c.i.embedder.EclipseLogger - skip non existing resourceDirectory F:\Fasilkom\5\APAP\New folder\tutoria_2_adpap\src\test\resources
2017-09-15 18:13:46,914 [Worker-33] INFO  o.e.m.c.i.embedder.EclipseLogger - Using 'UTF-8' encoding to copy filtered resources.
2017-09-15 18:13:46,917 [Worker-33] INFO  o.e.m.c.i.embedder.EclipseLogger - Copying 1 resource
2017-09-15 18:13:46,921 [Worker-33] INFO  o.e.m.c.i.embedder.EclipseLogger - Copying 1 resource
2017-09-15 18:13:46,967 [Worker-33] INFO  o.e.m.c.i.embedder.EclipseLogger - Using 'UTF-8' encoding to copy filtered resources.
2017-09-15 18:13:46,967 [Worker-33] INFO  o.e.m.c.i.embedder.EclipseLogger - skip non existing resourceDirectory F:\Fasilkom\5\APAP\New folder\tutoria_2_adpap\src\test\resources
2017-09-15 18:20:28,019 [Worker-29] INFO  o.e.m.c.i.embedder.EclipseLogger - Using 'UTF-8' encoding to copy filtered resources.
2017-09-15 18:20:28,019 [Worker-29] INFO  o.e.m.c.i.embedder.EclipseLogger - Copying 1 resource
2017-09-15 18:20:28,034 [Worker-29] INFO  o.e.m.c.i.embedder.EclipseLogger - Copying 1 resource
2017-09-15 18:20:28,034 [Worker-29] INFO  o.e.m.c.i.embedder.EclipseLogger - Using 'UTF-8' encoding to copy filtered resources.
2017-09-15 18:20:28,034 [Worker-29] INFO  o.e.m.c.i.embedder.EclipseLogger - skip non existing resourceDirectory F:\Fasilkom\5\APAP\New folder\tutoria_2_adpap\src\test\resources
2017-09-15 18:20:51,897 [Worker-38] INFO  o.e.m.c.i.embedder.EclipseLogger - Using 'UTF-8' encoding to copy filtered resources.
2017-09-15 18:20:51,897 [Worker-38] INFO  o.e.m.c.i.embedder.EclipseLogger - Copying 1 resource
2017-09-15 18:20:51,897 [Worker-38] INFO  o.e.m.c.i.embedder.EclipseLogger - Copying 1 resource
2017-09-15 18:20:51,897 [Worker-38] INFO  o.e.m.c.i.embedder.EclipseLogger - Using 'UTF-8' encoding to copy filtered resources.
2017-09-15 18:20:51,897 [Worker-38] INFO  o.e.m.c.i.embedder.EclipseLogger - skip non existing resourceDirectory F:\Fasilkom\5\APAP\New folder\tutoria_2_adpap\src\test\resources
2017-09-15 18:21:59,302 [Worker-36] INFO  o.e.m.c.i.embedder.EclipseLogger - Using 'UTF-8' encoding to copy filtered resources.
2017-09-15 18:21:59,302 [Worker-36] INFO  o.e.m.c.i.embedder.EclipseLogger - Copying 1 resource
2017-09-15 18:21:59,302 [Worker-36] INFO  o.e.m.c.i.embedder.EclipseLogger - Copying 1 resource
2017-09-15 18:21:59,318 [Worker-36] INFO  o.e.m.c.i.embedder.EclipseLogger - Using 'UTF-8' encoding to copy filtered resources.
2017-09-15 18:21:59,318 [Worker-36] INFO  o.e.m.c.i.embedder.EclipseLogger - skip non existing resourceDirectory F:\Fasilkom\5\APAP\New folder\tutoria_2_adpap\src\test\resources
2017-09-15 18:22:38,056 [Worker-39] INFO  o.e.m.c.i.embedder.EclipseLogger - Using 'UTF-8' encoding to copy filtered resources.
2017-09-15 18:22:38,056 [Worker-39] INFO  o.e.m.c.i.embedder.EclipseLogger - Copying 1 resource
2017-09-15 18:22:38,056 [Worker-39] INFO  o.e.m.c.i.embedder.EclipseLogger - Copying 1 resource
2017-09-15 18:22:38,071 [Worker-39] INFO  o.e.m.c.i.embedder.EclipseLogger - Using 'UTF-8' encoding to copy filtered resources.
2017-09-15 18:22:38,071 [Worker-39] INFO  o.e.m.c.i.embedder.EclipseLogger - skip non existing resourceDirectory F:\Fasilkom\5\APAP\New folder\tutoria_2_adpap\src\test\resources
2017-09-15 18:26:02,844 [Worker-38] INFO  o.e.m.c.i.embedder.EclipseLogger - Using 'UTF-8' encoding to copy filtered resources.
2017-09-15 18:26:02,844 [Worker-38] INFO  o.e.m.c.i.embedder.EclipseLogger - Copying 1 resource
2017-09-15 18:26:02,844 [Worker-38] INFO  o.e.m.c.i.embedder.EclipseLogger - Copying 1 resource
2017-09-15 18:26:02,860 [Worker-38] INFO  o.e.m.c.i.embedder.EclipseLogger - Using 'UTF-8' encoding to copy filtered resources.
2017-09-15 18:26:02,860 [Worker-38] INFO  o.e.m.c.i.embedder.EclipseLogger - skip non existing resourceDirectory F:\Fasilkom\5\APAP\New folder\tutoria_2_adpap\src\test\resources
2017-09-15 18:29:12,131 [Worker-46] INFO  o.e.m.c.i.embedder.EclipseLogger - Using 'UTF-8' encoding to copy filtered resources.
2017-09-15 18:29:12,131 [Worker-46] INFO  o.e.m.c.i.embedder.EclipseLogger - Copying 1 resource
2017-09-15 18:29:12,131 [Worker-46] INFO  o.e.m.c.i.embedder.EclipseLogger - Copying 1 resource
2017-09-15 18:29:12,131 [Worker-46] INFO  o.e.m.c.i.embedder.EclipseLogger - Using 'UTF-8' encoding to copy filtered resources.
2017-09-15 18:29:12,131 [Worker-46] INFO  o.e.m.c.i.embedder.EclipseLogger - skip non existing resourceDirectory F:\Fasilkom\5\APAP\New folder\tutoria_2_adpap\src\test\resources
2017-09-15 18:29:23,829 [Worker-46] INFO  o.e.m.c.i.embedder.EclipseLogger - Using 'UTF-8' encoding to copy filtered resources.
2017-09-15 18:29:23,844 [Worker-46] INFO  o.e.m.c.i.embedder.EclipseLogger - Copying 0 resource
2017-09-15 18:29:23,844 [Worker-46] INFO  o.e.m.c.i.embedder.EclipseLogger - Copying 1 resource
2017-09-15 18:29:23,844 [Worker-46] INFO  o.e.m.c.i.embedder.EclipseLogger - Using 'UTF-8' encoding to copy filtered resources.
2017-09-15 18:29:23,844 [Worker-46] INFO  o.e.m.c.i.embedder.EclipseLogger - skip non existing resourceDirectory F:\Fasilkom\5\APAP\New folder\tutoria_2_adpap\src\test\resources
2017-09-15 18:29:47,491 [Worker-45] INFO  o.e.m.c.i.embedder.EclipseLogger - Using 'UTF-8' encoding to copy filtered resources.
2017-09-15 18:29:47,491 [Worker-45] INFO  o.e.m.c.i.embedder.EclipseLogger - Copying 0 resource
2017-09-15 18:29:47,491 [Worker-45] INFO  o.e.m.c.i.embedder.EclipseLogger - Copying 1 resource
2017-09-15 18:29:47,507 [Worker-45] INFO  o.e.m.c.i.embedder.EclipseLogger - Using 'UTF-8' encoding to copy filtered resources.
2017-09-15 18:29:47,507 [Worker-45] INFO  o.e.m.c.i.embedder.EclipseLogger - skip non existing resourceDirectory F:\Fasilkom\5\APAP\New folder\tutoria_2_adpap\src\test\resources
2017-09-15 18:45:06,469 [Worker-47] INFO  o.e.m.c.i.embedder.EclipseLogger - Using 'UTF-8' encoding to copy filtered resources.
2017-09-15 18:45:06,469 [Worker-47] INFO  o.e.m.c.i.embedder.EclipseLogger - Copying 0 resource
2017-09-15 18:45:06,469 [Worker-47] INFO  o.e.m.c.i.embedder.EclipseLogger - Copying 1 resource
2017-09-15 18:45:06,485 [Worker-47] INFO  o.e.m.c.i.embedder.EclipseLogger - Using 'UTF-8' encoding to copy filtered resources.
2017-09-15 18:45:06,485 [Worker-47] INFO  o.e.m.c.i.embedder.EclipseLogger - skip non existing resourceDirectory F:\Fasilkom\5\APAP\New folder\tutoria_2_adpap\src\test\resources
2017-09-15 18:46:56,248 [Worker-48] INFO  o.e.m.c.i.embedder.EclipseLogger - Using 'UTF-8' encoding to copy filtered resources.
2017-09-15 18:46:56,248 [Worker-48] INFO  o.e.m.c.i.embedder.EclipseLogger - Copying 0 resource
2017-09-15 18:46:56,248 [Worker-48] INFO  o.e.m.c.i.embedder.EclipseLogger - Copying 1 resource
2017-09-15 18:46:56,264 [Worker-48] INFO  o.e.m.c.i.embedder.EclipseLogger - Using 'UTF-8' encoding to copy filtered resources.
2017-09-15 18:46:56,264 [Worker-48] INFO  o.e.m.c.i.embedder.EclipseLogger - skip non existing resourceDirectory F:\Fasilkom\5\APAP\New folder\tutoria_2_adpap\src\test\resources
2017-09-15 18:49:32,169 [Worker-48] INFO  o.e.m.c.i.embedder.EclipseLogger - Using 'UTF-8' encoding to copy filtered resources.
2017-09-15 18:49:32,169 [Worker-48] INFO  o.e.m.c.i.embedder.EclipseLogger - Copying 1 resource
2017-09-15 18:49:32,200 [Worker-48] INFO  o.e.m.c.i.embedder.EclipseLogger - Copying 2 resources
2017-09-15 18:49:32,216 [Worker-48] INFO  o.e.m.c.i.embedder.EclipseLogger - Using 'UTF-8' encoding to copy filtered resources.
2017-09-15 18:49:32,216 [Worker-48] INFO  o.e.m.c.i.embedder.EclipseLogger - skip non existing resourceDirectory F:\Fasilkom\5\APAP\New folder\tutoria_2_adpap\src\test\resources
2017-09-15 18:52:25,529 [Worker-52] INFO  o.e.m.c.i.embedder.EclipseLogger - Using 'UTF-8' encoding to copy filtered resources.
2017-09-15 18:52:25,529 [Worker-52] INFO  o.e.m.c.i.embedder.EclipseLogger - Copying 1 resource
2017-09-15 18:52:25,529 [Worker-52] INFO  o.e.m.c.i.embedder.EclipseLogger - Copying 2 resources
2017-09-15 18:52:25,529 [Worker-52] INFO  o.e.m.c.i.embedder.EclipseLogger - Using 'UTF-8' encoding to copy filtered resources.
2017-09-15 18:52:25,529 [Worker-52] INFO  o.e.m.c.i.embedder.EclipseLogger - skip non existing resourceDirectory F:\Fasilkom\5\APAP\New folder\tutoria_2_adpap\src\test\resources
2017-09-15 18:58:44,635 [Worker-52] INFO  o.e.m.c.i.embedder.EclipseLogger - Using 'UTF-8' encoding to copy filtered resources.
2017-09-15 18:58:44,635 [Worker-52] INFO  o.e.m.c.i.embedder.EclipseLogger - Copying 1 resource
2017-09-15 18:58:44,635 [Worker-52] INFO  o.e.m.c.i.embedder.EclipseLogger - Copying 2 resources
2017-09-15 18:58:44,650 [Worker-52] INFO  o.e.m.c.i.embedder.EclipseLogger - Using 'UTF-8' encoding to copy filtered resources.
2017-09-15 18:58:44,650 [Worker-52] INFO  o.e.m.c.i.embedder.EclipseLogger - skip non existing resourceDirectory F:\Fasilkom\5\APAP\New folder\tutoria_2_adpap\src\test\resources
2017-09-15 19:02:00,108 [Worker-58] INFO  o.e.m.c.i.embedder.EclipseLogger - Using 'UTF-8' encoding to copy filtered resources.
2017-09-15 19:02:00,108 [Worker-58] INFO  o.e.m.c.i.embedder.EclipseLogger - Copying 1 resource
2017-09-15 19:02:00,124 [Worker-58] INFO  o.e.m.c.i.embedder.EclipseLogger - Copying 2 resources
2017-09-15 19:02:00,124 [Worker-58] INFO  o.e.m.c.i.embedder.EclipseLogger - Using 'UTF-8' encoding to copy filtered resources.
2017-09-15 19:02:00,124 [Worker-58] INFO  o.e.m.c.i.embedder.EclipseLogger - skip non existing resourceDirectory F:\Fasilkom\5\APAP\New folder\tutoria_2_adpap\src\test\resources
2017-09-15 19:02:59,523 [Worker-56] INFO  o.e.m.c.i.embedder.EclipseLogger - Using 'UTF-8' encoding to copy filtered resources.
2017-09-15 19:02:59,523 [Worker-56] INFO  o.e.m.c.i.embedder.EclipseLogger - Copying 1 resource
2017-09-15 19:02:59,538 [Worker-56] INFO  o.e.m.c.i.embedder.EclipseLogger - Copying 2 resources
2017-09-15 19:02:59,538 [Worker-56] INFO  o.e.m.c.i.embedder.EclipseLogger - Using 'UTF-8' encoding to copy filtered resources.
2017-09-15 19:02:59,538 [Worker-56] INFO  o.e.m.c.i.embedder.EclipseLogger - skip non existing resourceDirectory F:\Fasilkom\5\APAP\New folder\tutoria_2_adpap\src\test\resources
2017-09-15 19:04:52,475 [Worker-54] INFO  o.e.m.c.i.embedder.EclipseLogger - Using 'UTF-8' encoding to copy filtered resources.
2017-09-15 19:04:52,475 [Worker-54] INFO  o.e.m.c.i.embedder.EclipseLogger - Copying 1 resource
2017-09-15 19:04:52,475 [Worker-54] INFO  o.e.m.c.i.embedder.EclipseLogger - Copying 2 resources
2017-09-15 19:04:52,491 [Worker-54] INFO  o.e.m.c.i.embedder.EclipseLogger - Using 'UTF-8' encoding to copy filtered resources.
2017-09-15 19:04:52,491 [Worker-54] INFO  o.e.m.c.i.embedder.EclipseLogger - skip non existing resourceDirectory F:\Fasilkom\5\APAP\New folder\tutoria_2_adpap\src\test\resources
2017-09-15 19:07:15,538 [Worker-54] INFO  o.e.m.c.i.embedder.EclipseLogger - Using 'UTF-8' encoding to copy filtered resources.
2017-09-15 19:07:15,538 [Worker-54] INFO  o.e.m.c.i.embedder.EclipseLogger - Copying 1 resource
2017-09-15 19:07:15,554 [Worker-54] INFO  o.e.m.c.i.embedder.EclipseLogger - Copying 2 resources
2017-09-15 19:07:15,554 [Worker-54] INFO  o.e.m.c.i.embedder.EclipseLogger - Using 'UTF-8' encoding to copy filtered resources.
2017-09-15 19:07:15,554 [Worker-54] INFO  o.e.m.c.i.embedder.EclipseLogger - skip non existing resourceDirectory F:\Fasilkom\5\APAP\New folder\tutoria_2_adpap\src\test\resources
2017-09-15 19:18:37,124 [Worker-63] INFO  o.e.m.c.i.embedder.EclipseLogger - Using 'UTF-8' encoding to copy filtered resources.
2017-09-15 19:18:37,124 [Worker-63] INFO  o.e.m.c.i.embedder.EclipseLogger - Copying 1 resource
2017-09-15 19:18:37,128 [Worker-63] INFO  o.e.m.c.i.embedder.EclipseLogger - Copying 2 resources
2017-09-15 19:18:37,132 [Worker-63] INFO  o.e.m.c.i.embedder.EclipseLogger - Using 'UTF-8' encoding to copy filtered resources.
2017-09-15 19:18:37,132 [Worker-63] INFO  o.e.m.c.i.embedder.EclipseLogger - skip non existing resourceDirectory F:\Fasilkom\5\APAP\New folder\tutoria_2_adpap\src\test\resources
2017-09-15 19:19:02,705 [Worker-63] INFO  o.e.m.c.i.embedder.EclipseLogger - Using 'UTF-8' encoding to copy filtered resources.
2017-09-15 19:19:02,705 [Worker-63] INFO  o.e.m.c.i.embedder.EclipseLogger - Copying 1 resource
2017-09-15 19:19:02,720 [Worker-63] INFO  o.e.m.c.i.embedder.EclipseLogger - Copying 2 resources
2017-09-15 19:19:02,720 [Worker-63] INFO  o.e.m.c.i.embedder.EclipseLogger - Using 'UTF-8' encoding to copy filtered resources.
2017-09-15 19:19:02,720 [Worker-63] INFO  o.e.m.c.i.embedder.EclipseLogger - skip non existing resourceDirectory F:\Fasilkom\5\APAP\New folder\tutoria_2_adpap\src\test\resources
2017-09-15 19:19:36,974 [Worker-65] INFO  o.e.m.c.i.embedder.EclipseLogger - Using 'UTF-8' encoding to copy filtered resources.
2017-09-15 19:19:36,974 [Worker-65] INFO  o.e.m.c.i.embedder.EclipseLogger - Copying 1 resource
2017-09-15 19:19:36,974 [Worker-65] INFO  o.e.m.c.i.embedder.EclipseLogger - Copying 2 resources
2017-09-15 19:19:36,990 [Worker-65] INFO  o.e.m.c.i.embedder.EclipseLogger - Using 'UTF-8' encoding to copy filtered resources.
2017-09-15 19:19:36,990 [Worker-65] INFO  o.e.m.c.i.embedder.EclipseLogger - skip non existing resourceDirectory F:\Fasilkom\5\APAP\New folder\tutoria_2_adpap\src\test\resources
2017-09-15 19:23:23,987 [Worker-63] INFO  o.e.m.c.i.embedder.EclipseLogger - Using 'UTF-8' encoding to copy filtered resources.
2017-09-15 19:23:23,987 [Worker-63] INFO  o.e.m.c.i.embedder.EclipseLogger - Copying 1 resource
2017-09-15 19:23:24,003 [Worker-63] INFO  o.e.m.c.i.embedder.EclipseLogger - Copying 2 resources
2017-09-15 19:23:24,003 [Worker-63] INFO  o.e.m.c.i.embedder.EclipseLogger - Using 'UTF-8' encoding to copy filtered resources.
2017-09-15 19:23:24,003 [Worker-63] INFO  o.e.m.c.i.embedder.EclipseLogger - skip non existing resourceDirectory F:\Fasilkom\5\APAP\New folder\tutoria_2_adpap\src\test\resources
2017-09-15 19:24:45,764 [Worker-68] INFO  o.e.m.c.i.embedder.EclipseLogger - Using 'UTF-8' encoding to copy filtered resources.
2017-09-15 19:24:45,780 [Worker-68] INFO  o.e.m.c.i.embedder.EclipseLogger - Copying 1 resource
2017-09-15 19:24:45,780 [Worker-68] INFO  o.e.m.c.i.embedder.EclipseLogger - Copying 2 resources
2017-09-15 19:24:45,780 [Worker-68] INFO  o.e.m.c.i.embedder.EclipseLogger - Using 'UTF-8' encoding to copy filtered resources.
2017-09-15 19:24:45,780 [Worker-68] INFO  o.e.m.c.i.embedder.EclipseLogger - skip non existing resourceDirectory F:\Fasilkom\5\APAP\New folder\tutoria_2_adpap\src\test\resources
2017-09-15 19:27:46,672 [Worker-63] INFO  o.e.m.c.i.embedder.EclipseLogger - Using 'UTF-8' encoding to copy filtered resources.
2017-09-15 19:27:46,672 [Worker-63] INFO  o.e.m.c.i.embedder.EclipseLogger - Copying 1 resource
2017-09-15 19:27:46,672 [Worker-63] INFO  o.e.m.c.i.embedder.EclipseLogger - Copying 2 resources
2017-09-15 19:27:46,672 [Worker-63] INFO  o.e.m.c.i.embedder.EclipseLogger - Using 'UTF-8' encoding to copy filtered resources.
2017-09-15 19:27:46,672 [Worker-63] INFO  o.e.m.c.i.embedder.EclipseLogger - skip non existing resourceDirectory F:\Fasilkom\5\APAP\New folder\tutoria_2_adpap\src\test\resources
2017-09-15 19:28:27,336 [Worker-60] INFO  o.e.m.c.i.embedder.EclipseLogger - Using 'UTF-8' encoding to copy filtered resources.
2017-09-15 19:28:27,352 [Worker-60] INFO  o.e.m.c.i.embedder.EclipseLogger - Copying 1 resource
2017-09-15 19:28:27,352 [Worker-60] INFO  o.e.m.c.i.embedder.EclipseLogger - Copying 2 resources
2017-09-15 19:28:27,352 [Worker-60] INFO  o.e.m.c.i.embedder.EclipseLogger - Using 'UTF-8' encoding to copy filtered resources.
2017-09-15 19:28:27,352 [Worker-60] INFO  o.e.m.c.i.embedder.EclipseLogger - skip non existing resourceDirectory F:\Fasilkom\5\APAP\New folder\tutoria_2_adpap\src\test\resources
2017-09-16 00:24:15,704 [Worker-0] INFO  c.g.t.t.d.PublishedGradleVersions - Gradle version information cache is up-to-date. Trying to read.
2017-09-16 00:36:20,128 [Worker-17] INFO  o.e.m.c.i.embedder.EclipseLogger - Using 'UTF-8' encoding to copy filtered resources.
2017-09-16 00:36:20,144 [Worker-17] INFO  o.e.m.c.i.embedder.EclipseLogger - Copying 1 resource
2017-09-16 00:36:20,178 [Worker-17] INFO  o.e.m.c.i.embedder.EclipseLogger - Copying 3 resources
2017-09-16 00:36:20,192 [Worker-17] INFO  o.e.m.c.i.embedder.EclipseLogger - Using 'UTF-8' encoding to copy filtered resources.
2017-09-16 00:36:20,192 [Worker-17] INFO  o.e.m.c.i.embedder.EclipseLogger - skip non existing resourceDirectory F:\Fasilkom\5\APAP\New folder\tutoria_2_adpap\src\test\resources
2017-09-16 00:36:41,006 [Worker-17] INFO  o.e.m.c.i.embedder.EclipseLogger - Using 'UTF-8' encoding to copy filtered resources.
2017-09-16 00:36:41,013 [Worker-17] INFO  o.e.m.c.i.embedder.EclipseLogger - Copying 0 resource
2017-09-16 00:36:41,016 [Worker-17] INFO  o.e.m.c.i.embedder.EclipseLogger - Copying 1 resource
2017-09-16 00:36:41,028 [Worker-17] INFO  o.e.m.c.i.embedder.EclipseLogger - Using 'UTF-8' encoding to copy filtered resources.
2017-09-16 00:36:41,028 [Worker-17] INFO  o.e.m.c.i.embedder.EclipseLogger - skip non existing resourceDirectory F:\Fasilkom\5\APAP\New folder\tutoria_2_adpap\src\test\resources
2017-09-16 00:39:23,894 [Worker-22] INFO  o.e.m.c.i.embedder.EclipseLogger - Using 'UTF-8' encoding to copy filtered resources.
2017-09-16 00:39:23,895 [Worker-22] INFO  o.e.m.c.i.embedder.EclipseLogger - Copying 0 resource
2017-09-16 00:39:23,896 [Worker-22] INFO  o.e.m.c.i.embedder.EclipseLogger - Copying 1 resource
2017-09-16 00:39:23,906 [Worker-22] INFO  o.e.m.c.i.embedder.EclipseLogger - Using 'UTF-8' encoding to copy filtered resources.
2017-09-16 00:39:23,906 [Worker-22] INFO  o.e.m.c.i.embedder.EclipseLogger - skip non existing resourceDirectory F:\Fasilkom\5\APAP\New folder\tutoria_2_adpap\src\test\resources
2017-09-16 00:43:51,207 [Worker-24] INFO  o.e.m.c.i.embedder.EclipseLogger - Using 'UTF-8' encoding to copy filtered resources.
2017-09-16 00:43:51,213 [Worker-24] INFO  o.e.m.c.i.embedder.EclipseLogger - Copying 1 resource
2017-09-16 00:43:51,219 [Worker-24] INFO  o.e.m.c.i.embedder.EclipseLogger - Copying 3 resources
2017-09-16 00:43:51,225 [Worker-24] INFO  o.e.m.c.i.embedder.EclipseLogger - Using 'UTF-8' encoding to copy filtered resources.
2017-09-16 00:43:51,225 [Worker-24] INFO  o.e.m.c.i.embedder.EclipseLogger - skip non existing resourceDirectory F:\Fasilkom\5\APAP\New folder\tutoria_2_adpap\src\test\resources
2017-09-16 00:44:54,238 [Worker-24] INFO  o.e.m.c.i.embedder.EclipseLogger - Using 'UTF-8' encoding to copy filtered resources.
2017-09-16 00:44:54,240 [Worker-24] INFO  o.e.m.c.i.embedder.EclipseLogger - Copying 1 resource
2017-09-16 00:44:54,243 [Worker-24] INFO  o.e.m.c.i.embedder.EclipseLogger - Copying 3 resources
2017-09-16 00:44:54,257 [Worker-24] INFO  o.e.m.c.i.embedder.EclipseLogger - Using 'UTF-8' encoding to copy filtered resources.
2017-09-16 00:44:54,258 [Worker-24] INFO  o.e.m.c.i.embedder.EclipseLogger - skip non existing resourceDirectory F:\Fasilkom\5\APAP\New folder\tutoria_2_adpap\src\test\resources
2017-09-16 00:48:53,034 [Worker-25] INFO  o.e.m.c.i.embedder.EclipseLogger - Using 'UTF-8' encoding to copy filtered resources.
2017-09-16 00:48:53,037 [Worker-25] INFO  o.e.m.c.i.embedder.EclipseLogger - Copying 1 resource
2017-09-16 00:48:53,041 [Worker-25] INFO  o.e.m.c.i.embedder.EclipseLogger - Copying 3 resources
2017-09-16 00:48:53,048 [Worker-25] INFO  o.e.m.c.i.embedder.EclipseLogger - Using 'UTF-8' encoding to copy filtered resources.
2017-09-16 00:48:53,049 [Worker-25] INFO  o.e.m.c.i.embedder.EclipseLogger - skip non existing resourceDirectory F:\Fasilkom\5\APAP\New folder\tutoria_2_adpap\src\test\resources
2017-09-16 00:57:08,316 [Worker-25] INFO  o.e.m.c.i.embedder.EclipseLogger - Using 'UTF-8' encoding to copy filtered resources.
2017-09-16 00:57:08,318 [Worker-25] INFO  o.e.m.c.i.embedder.EclipseLogger - Copying 1 resource
2017-09-16 00:57:08,321 [Worker-25] INFO  o.e.m.c.i.embedder.EclipseLogger - Copying 3 resources
2017-09-16 00:57:08,326 [Worker-25] INFO  o.e.m.c.i.embedder.EclipseLogger - Using 'UTF-8' encoding to copy filtered resources.
2017-09-16 00:57:08,327 [Worker-25] INFO  o.e.m.c.i.embedder.EclipseLogger - skip non existing resourceDirectory F:\Fasilkom\5\APAP\New folder\tutoria_2_adpap\src\test\resources
2017-09-16 00:59:05,292 [Worker-23] INFO  o.e.m.c.i.embedder.EclipseLogger - Using 'UTF-8' encoding to copy filtered resources.
2017-09-16 00:59:05,295 [Worker-23] INFO  o.e.m.c.i.embedder.EclipseLogger - Copying 1 resource
2017-09-16 00:59:05,297 [Worker-23] INFO  o.e.m.c.i.embedder.EclipseLogger - Copying 3 resources
2017-09-16 00:59:05,306 [Worker-23] INFO  o.e.m.c.i.embedder.EclipseLogger - Using 'UTF-8' encoding to copy filtered resources.
2017-09-16 00:59:05,307 [Worker-23] INFO  o.e.m.c.i.embedder.EclipseLogger - skip non existing resourceDirectory F:\Fasilkom\5\APAP\New folder\tutoria_2_adpap\src\test\resources
